Start testing: Apr 20 17:10 MSK
----------------------------------------------------------
1/60 Testing: /home/bekzat/Documents/Innopolis/3_years/advance_compiler/week-3-stella-with-references-subtyping-errors-rkBekzat/tests/core/ill-typed/applying-non-function-1.stella
1/60 Test: /home/bekzat/Documents/Innopolis/3_years/advance_compiler/week-3-stella-with-references-subtyping-errors-rkBekzat/tests/core/ill-typed/applying-non-function-1.stella
Command: "/home/bekzat/Documents/Innopolis/3_years/advance_compiler/week-3-stella-with-references-subtyping-errors-rkBekzat/cmake-build-debug/stella-interpreter" "typecheck" "/home/bekzat/Documents/Innopolis/3_years/advance_compiler/week-3-stella-with-references-subtyping-errors-rkBekzat/tests/core/ill-typed/applying-non-function-1.stella"
Directory: /home/bekzat/Documents/Innopolis/3_years/advance_compiler/week-3-stella-with-references-subtyping-errors-rkBekzat/cmake-build-debug
"/home/bekzat/Documents/Innopolis/3_years/advance_compiler/week-3-stella-with-references-subtyping-errors-rkBekzat/tests/core/ill-typed/applying-non-function-1.stella" start time: Apr 20 17:10 MSK
Output:
----------------------------------------------------------
parsing succeeded!
prog is not null
Start Program
visitLanguageCore
visitListExtension: 
visitListDecl: 
Visiting function declaration for main
visitListAnnotation: 
visitListParamDecl: 
visitAParamDecl
Visiting NAT: 3  12
SET the stellIDENT: f 2

Visiting StellaIdent: f
SomereturnType
Visiting NAT: 3  20
visitNoThrowType
visitListDecl: 
visitApplication
visitVar
Visiting StellaIdent: f
ERROR: This is not function. On line: 4 at position: 9
<end of output>
Test time =   0.00 sec
----------------------------------------------------------
Test Passed.
"/home/bekzat/Documents/Innopolis/3_years/advance_compiler/week-3-stella-with-references-subtyping-errors-rkBekzat/tests/core/ill-typed/applying-non-function-1.stella" end time: Apr 20 17:10 MSK
"/home/bekzat/Documents/Innopolis/3_years/advance_compiler/week-3-stella-with-references-subtyping-errors-rkBekzat/tests/core/ill-typed/applying-non-function-1.stella" time elapsed: 00:00:00
----------------------------------------------------------

2/60 Testing: /home/bekzat/Documents/Innopolis/3_years/advance_compiler/week-3-stella-with-references-subtyping-errors-rkBekzat/tests/core/ill-typed/applying-non-function-2.stella
2/60 Test: /home/bekzat/Documents/Innopolis/3_years/advance_compiler/week-3-stella-with-references-subtyping-errors-rkBekzat/tests/core/ill-typed/applying-non-function-2.stella
Command: "/home/bekzat/Documents/Innopolis/3_years/advance_compiler/week-3-stella-with-references-subtyping-errors-rkBekzat/cmake-build-debug/stella-interpreter" "typecheck" "/home/bekzat/Documents/Innopolis/3_years/advance_compiler/week-3-stella-with-references-subtyping-errors-rkBekzat/tests/core/ill-typed/applying-non-function-2.stella"
Directory: /home/bekzat/Documents/Innopolis/3_years/advance_compiler/week-3-stella-with-references-subtyping-errors-rkBekzat/cmake-build-debug
"/home/bekzat/Documents/Innopolis/3_years/advance_compiler/week-3-stella-with-references-subtyping-errors-rkBekzat/tests/core/ill-typed/applying-non-function-2.stella" start time: Apr 20 17:10 MSK
Output:
----------------------------------------------------------
parsing succeeded!
prog is not null
Start Program
visitLanguageCore
visitListExtension: 
visitListDecl: 
Visiting function declaration for main
visitListAnnotation: 
visitListParamDecl: 
visitAParamDecl
Visiting NAT: 3  12
SET the stellIDENT: n 2

Visiting StellaIdent: n
SomereturnType
Visiting NAT: 3  20
visitNoThrowType
visitListDecl: 
visitApplication
visitSucc
visitVar
Visiting StellaIdent: n
ERROR: This is not function. On line: 4 at position: 9
<end of output>
Test time =   0.00 sec
----------------------------------------------------------
Test Passed.
"/home/bekzat/Documents/Innopolis/3_years/advance_compiler/week-3-stella-with-references-subtyping-errors-rkBekzat/tests/core/ill-typed/applying-non-function-2.stella" end time: Apr 20 17:10 MSK
"/home/bekzat/Documents/Innopolis/3_years/advance_compiler/week-3-stella-with-references-subtyping-errors-rkBekzat/tests/core/ill-typed/applying-non-function-2.stella" time elapsed: 00:00:00
----------------------------------------------------------

3/60 Testing: /home/bekzat/Documents/Innopolis/3_years/advance_compiler/week-3-stella-with-references-subtyping-errors-rkBekzat/tests/core/ill-typed/applying-non-function-3.stella
3/60 Test: /home/bekzat/Documents/Innopolis/3_years/advance_compiler/week-3-stella-with-references-subtyping-errors-rkBekzat/tests/core/ill-typed/applying-non-function-3.stella
Command: "/home/bekzat/Documents/Innopolis/3_years/advance_compiler/week-3-stella-with-references-subtyping-errors-rkBekzat/cmake-build-debug/stella-interpreter" "typecheck" "/home/bekzat/Documents/Innopolis/3_years/advance_compiler/week-3-stella-with-references-subtyping-errors-rkBekzat/tests/core/ill-typed/applying-non-function-3.stella"
Directory: /home/bekzat/Documents/Innopolis/3_years/advance_compiler/week-3-stella-with-references-subtyping-errors-rkBekzat/cmake-build-debug
"/home/bekzat/Documents/Innopolis/3_years/advance_compiler/week-3-stella-with-references-subtyping-errors-rkBekzat/tests/core/ill-typed/applying-non-function-3.stella" start time: Apr 20 17:10 MSK
Output:
----------------------------------------------------------
parsing succeeded!
prog is not null
Start Program
visitLanguageCore
visitListExtension: 
visitListDecl: 
Visiting function declaration for main
visitListAnnotation: 
visitListParamDecl: 
visitAParamDecl
Visiting NAT: 3  12
SET the stellIDENT: n 2

Visiting StellaIdent: n
SomereturnType
Visiting NAT: 3  20
visitNoThrowType
visitListDecl: 
visitApplication
visitApplication
visitApplication
visitAbstraction
visitListParamDecl: 
visitAParamDecl
visitBool
AMAZING WOKR: Bool 

SET the stellIDENT: x 1

Visiting StellaIdent: x
visitAbstraction
visitListParamDecl: 
visitAParamDecl
Visiting NAT: 4  39
SET the stellIDENT: y 2

Visiting StellaIdent: y
visitSucc
visitVar
Visiting StellaIdent: y
visitListExpr: 
----Before : 
ConstFalse
Before end application: 3 3
visitListExpr: 
----Before : 
ConstInt
visitInt: 0
Before end application: 3 2
ERROR: This is not function. On line: 4 at position: 9
<end of output>
Test time =   0.00 sec
----------------------------------------------------------
Test Passed.
"/home/bekzat/Documents/Innopolis/3_years/advance_compiler/week-3-stella-with-references-subtyping-errors-rkBekzat/tests/core/ill-typed/applying-non-function-3.stella" end time: Apr 20 17:10 MSK
"/home/bekzat/Documents/Innopolis/3_years/advance_compiler/week-3-stella-with-references-subtyping-errors-rkBekzat/tests/core/ill-typed/applying-non-function-3.stella" time elapsed: 00:00:00
----------------------------------------------------------

4/60 Testing: /home/bekzat/Documents/Innopolis/3_years/advance_compiler/week-3-stella-with-references-subtyping-errors-rkBekzat/tests/core/ill-typed/argument-type-mismatch-1.stella
4/60 Test: /home/bekzat/Documents/Innopolis/3_years/advance_compiler/week-3-stella-with-references-subtyping-errors-rkBekzat/tests/core/ill-typed/argument-type-mismatch-1.stella
Command: "/home/bekzat/Documents/Innopolis/3_years/advance_compiler/week-3-stella-with-references-subtyping-errors-rkBekzat/cmake-build-debug/stella-interpreter" "typecheck" "/home/bekzat/Documents/Innopolis/3_years/advance_compiler/week-3-stella-with-references-subtyping-errors-rkBekzat/tests/core/ill-typed/argument-type-mismatch-1.stella"
Directory: /home/bekzat/Documents/Innopolis/3_years/advance_compiler/week-3-stella-with-references-subtyping-errors-rkBekzat/cmake-build-debug
"/home/bekzat/Documents/Innopolis/3_years/advance_compiler/week-3-stella-with-references-subtyping-errors-rkBekzat/tests/core/ill-typed/argument-type-mismatch-1.stella" start time: Apr 20 17:10 MSK
Output:
----------------------------------------------------------
parsing succeeded!
prog is not null
Start Program
visitLanguageCore
visitListExtension: 
visitListDecl: 
Visiting function declaration for main
visitListAnnotation: 
visitListParamDecl: 
visitAParamDecl
Visiting NAT: 3  12
SET the stellIDENT: n 2

Visiting StellaIdent: n
SomereturnType
Visiting NAT: 3  20
visitNoThrowType
visitListDecl: 
visitApplication
visitApplication
visitAbstraction
visitListParamDecl: 
visitAParamDecl
visitBool
AMAZING WOKR: Bool 

SET the stellIDENT: x 1

Visiting StellaIdent: x
visitAbstraction
visitListParamDecl: 
visitAParamDecl
Visiting NAT: 4  39
SET the stellIDENT: y 2

Visiting StellaIdent: y
visitSucc
visitVar
Visiting StellaIdent: y
visitListExpr: 
----Before : 
ConstInt
visitInt: 0
ERROR: mismatch this params on line: 4
2 1
0 0
0 0
<end of output>
Test time =   0.00 sec
----------------------------------------------------------
Test Passed.
"/home/bekzat/Documents/Innopolis/3_years/advance_compiler/week-3-stella-with-references-subtyping-errors-rkBekzat/tests/core/ill-typed/argument-type-mismatch-1.stella" end time: Apr 20 17:10 MSK
"/home/bekzat/Documents/Innopolis/3_years/advance_compiler/week-3-stella-with-references-subtyping-errors-rkBekzat/tests/core/ill-typed/argument-type-mismatch-1.stella" time elapsed: 00:00:00
----------------------------------------------------------

5/60 Testing: /home/bekzat/Documents/Innopolis/3_years/advance_compiler/week-3-stella-with-references-subtyping-errors-rkBekzat/tests/core/ill-typed/argument-type-mismatch-2.stella
5/60 Test: /home/bekzat/Documents/Innopolis/3_years/advance_compiler/week-3-stella-with-references-subtyping-errors-rkBekzat/tests/core/ill-typed/argument-type-mismatch-2.stella
Command: "/home/bekzat/Documents/Innopolis/3_years/advance_compiler/week-3-stella-with-references-subtyping-errors-rkBekzat/cmake-build-debug/stella-interpreter" "typecheck" "/home/bekzat/Documents/Innopolis/3_years/advance_compiler/week-3-stella-with-references-subtyping-errors-rkBekzat/tests/core/ill-typed/argument-type-mismatch-2.stella"
Directory: /home/bekzat/Documents/Innopolis/3_years/advance_compiler/week-3-stella-with-references-subtyping-errors-rkBekzat/cmake-build-debug
"/home/bekzat/Documents/Innopolis/3_years/advance_compiler/week-3-stella-with-references-subtyping-errors-rkBekzat/tests/core/ill-typed/argument-type-mismatch-2.stella" start time: Apr 20 17:10 MSK
Output:
----------------------------------------------------------
parsing succeeded!
prog is not null
Start Program
visitLanguageCore
visitListExtension: 
visitListDecl: 
Visiting function declaration for iszero
visitListAnnotation: 
visitListParamDecl: 
visitAParamDecl
Visiting NAT: 3  14
SET the stellIDENT: n 2

Visiting StellaIdent: n
SomereturnType
visitBool
AMAZING WOKR: Bool 

visitNoThrowType
visitListDecl: 
visitNatRec
visitVar
Visiting StellaIdent: n
ConstTrue 
visitAbstraction
visitListParamDecl: 
visitAParamDecl
Visiting NAT: 4  36
SET the stellIDENT: i 2

Visiting StellaIdent: i
visitAbstraction
visitListParamDecl: 
visitAParamDecl
visitBool
AMAZING WOKR: Bool 

SET the stellIDENT: r 1

Visiting StellaIdent: r
ConstTrue 
Fucntion go out: 3 1 1 1
Function name: iszero
Visiting StellaIdent: iszero
Visiting function declaration for f
visitListAnnotation: 
visitListParamDecl: 
visitAParamDecl
visitTypeFun
visitListType: 
visitBool
AMAZING WOKR: Bool 

Visiting NAT: 11  21
SET the stellIDENT: g 3

Visiting StellaIdent: g
SomereturnType
visitTypeFun
visitListType: 
Visiting NAT: 11  32
Visiting NAT: 11  40
visitNoThrowType
visitListDecl: 
visitAbstraction
visitListParamDecl: 
visitAParamDecl
Visiting NAT: 12  18
SET the stellIDENT: n 2

Visiting StellaIdent: n
visitApplication
visitVar
Visiting StellaIdent: g
visitListExpr: 
----Before : 
VisitIf
visitApplication
visitVar
Visiting StellaIdent: iszero
visitListExpr: 
----Before : 
visitVar
Visiting StellaIdent: n
Before end application: 3 1
ConstFalse
ConstTrue 
Before end application: 3 2
Fucntion go out: 3 3 3 3
Function name: f
Visiting StellaIdent: f
Visiting function declaration for main
visitListAnnotation: 
visitListParamDecl: 
visitAParamDecl
Visiting NAT: 17  12
SET the stellIDENT: n 2

Visiting StellaIdent: n
SomereturnType
Visiting NAT: 17  20
visitNoThrowType
visitListDecl: 
visitApplication
visitApplication
visitVar
Visiting StellaIdent: f
visitListExpr: 
----Before : 
visitAbstraction
visitListParamDecl: 
visitAParamDecl
Visiting NAT: 18  19
SET the stellIDENT: x 2

Visiting StellaIdent: x
visitVar
Visiting StellaIdent: n
ERROR: mismatch this params on line: 18
3 3
1 1
1 1
<end of output>
Test time =   0.00 sec
----------------------------------------------------------
Test Passed.
"/home/bekzat/Documents/Innopolis/3_years/advance_compiler/week-3-stella-with-references-subtyping-errors-rkBekzat/tests/core/ill-typed/argument-type-mismatch-2.stella" end time: Apr 20 17:10 MSK
"/home/bekzat/Documents/Innopolis/3_years/advance_compiler/week-3-stella-with-references-subtyping-errors-rkBekzat/tests/core/ill-typed/argument-type-mismatch-2.stella" time elapsed: 00:00:00
----------------------------------------------------------

6/60 Testing: /home/bekzat/Documents/Innopolis/3_years/advance_compiler/week-3-stella-with-references-subtyping-errors-rkBekzat/tests/core/ill-typed/argument-type-mismatch-3.stella
6/60 Test: /home/bekzat/Documents/Innopolis/3_years/advance_compiler/week-3-stella-with-references-subtyping-errors-rkBekzat/tests/core/ill-typed/argument-type-mismatch-3.stella
Command: "/home/bekzat/Documents/Innopolis/3_years/advance_compiler/week-3-stella-with-references-subtyping-errors-rkBekzat/cmake-build-debug/stella-interpreter" "typecheck" "/home/bekzat/Documents/Innopolis/3_years/advance_compiler/week-3-stella-with-references-subtyping-errors-rkBekzat/tests/core/ill-typed/argument-type-mismatch-3.stella"
Directory: /home/bekzat/Documents/Innopolis/3_years/advance_compiler/week-3-stella-with-references-subtyping-errors-rkBekzat/cmake-build-debug
"/home/bekzat/Documents/Innopolis/3_years/advance_compiler/week-3-stella-with-references-subtyping-errors-rkBekzat/tests/core/ill-typed/argument-type-mismatch-3.stella" start time: Apr 20 17:10 MSK
Output:
----------------------------------------------------------
parsing succeeded!
prog is not null
Start Program
visitLanguageCore
visitListExtension: 
visitListDecl: 
Visiting function declaration for iszero
visitListAnnotation: 
visitListParamDecl: 
visitAParamDecl
Visiting NAT: 3  14
SET the stellIDENT: n 2

Visiting StellaIdent: n
SomereturnType
visitBool
AMAZING WOKR: Bool 

visitNoThrowType
visitListDecl: 
visitNatRec
visitVar
Visiting StellaIdent: n
ConstTrue 
visitAbstraction
visitListParamDecl: 
visitAParamDecl
Visiting NAT: 4  36
SET the stellIDENT: i 2

Visiting StellaIdent: i
visitAbstraction
visitListParamDecl: 
visitAParamDecl
visitBool
AMAZING WOKR: Bool 

SET the stellIDENT: r 1

Visiting StellaIdent: r
ConstTrue 
Fucntion go out: 3 1 1 1
Function name: iszero
Visiting StellaIdent: iszero
Visiting function declaration for k
visitListAnnotation: 
visitListParamDecl: 
visitAParamDecl
visitTypeFun
visitListType: 
Visiting NAT: 11  12
visitTypeFun
visitListType: 
visitTypeFun
visitListType: 
Visiting NAT: 11  27
visitBool
AMAZING WOKR: Bool 

Visiting NAT: 11  44
SET the stellIDENT: g 3

Visiting StellaIdent: g
SomereturnType
Visiting NAT: 11  53
visitNoThrowType
visitListDecl: 
visitApplication
visitApplication
visitVar
Visiting StellaIdent: g
visitListExpr: 
----Before : 
visitSucc
visitSucc
ConstInt
visitInt: 0
Before end application: 3 3
visitListExpr: 
----Before : 
visitAbstraction
visitListParamDecl: 
visitAParamDecl
Visiting NAT: 12  35
SET the stellIDENT: k 2

Visiting StellaIdent: k
VisitIf
visitApplication
visitVar
Visiting StellaIdent: iszero
visitListExpr: 
----Before : 
visitVar
Visiting StellaIdent: k
Before end application: 3 1
ConstFalse
ConstTrue 
Before end application: 3 2
Fucntion go out: 3 2 2 3
Function name: k
Visiting StellaIdent: k
Visiting function declaration for main
visitListAnnotation: 
visitListParamDecl: 
visitAParamDecl
Visiting NAT: 17  12
SET the stellIDENT: n 2

Visiting StellaIdent: n
SomereturnType
Visiting NAT: 17  20
visitNoThrowType
visitListDecl: 
visitApplication
visitVar
Visiting StellaIdent: k
visitListExpr: 
----Before : 
visitAbstraction
visitListParamDecl: 
visitAParamDecl
Visiting NAT: 18  19
SET the stellIDENT: n 2

Visiting StellaIdent: n
visitAbstraction
visitListParamDecl: 
visitAParamDecl
visitTypeFun
visitListType: 
Visiting NAT: 19  23
Visiting NAT: 19  31
SET the stellIDENT: h 3

Visiting StellaIdent: h
visitApplication
visitVar
Visiting StellaIdent: h
visitListExpr: 
----Before : 
visitSucc
visitVar
Visiting StellaIdent: n
Before end application: 3 2
ERROR: mismatch this params on line: 18
3 3
1 1
1 1
<end of output>
Test time =   0.00 sec
----------------------------------------------------------
Test Passed.
"/home/bekzat/Documents/Innopolis/3_years/advance_compiler/week-3-stella-with-references-subtyping-errors-rkBekzat/tests/core/ill-typed/argument-type-mismatch-3.stella" end time: Apr 20 17:10 MSK
"/home/bekzat/Documents/Innopolis/3_years/advance_compiler/week-3-stella-with-references-subtyping-errors-rkBekzat/tests/core/ill-typed/argument-type-mismatch-3.stella" time elapsed: 00:00:00
----------------------------------------------------------

7/60 Testing: /home/bekzat/Documents/Innopolis/3_years/advance_compiler/week-3-stella-with-references-subtyping-errors-rkBekzat/tests/core/ill-typed/bad-if-1.stella
7/60 Test: /home/bekzat/Documents/Innopolis/3_years/advance_compiler/week-3-stella-with-references-subtyping-errors-rkBekzat/tests/core/ill-typed/bad-if-1.stella
Command: "/home/bekzat/Documents/Innopolis/3_years/advance_compiler/week-3-stella-with-references-subtyping-errors-rkBekzat/cmake-build-debug/stella-interpreter" "typecheck" "/home/bekzat/Documents/Innopolis/3_years/advance_compiler/week-3-stella-with-references-subtyping-errors-rkBekzat/tests/core/ill-typed/bad-if-1.stella"
Directory: /home/bekzat/Documents/Innopolis/3_years/advance_compiler/week-3-stella-with-references-subtyping-errors-rkBekzat/cmake-build-debug
"/home/bekzat/Documents/Innopolis/3_years/advance_compiler/week-3-stella-with-references-subtyping-errors-rkBekzat/tests/core/ill-typed/bad-if-1.stella" start time: Apr 20 17:10 MSK
Output:
----------------------------------------------------------
parsing succeeded!
prog is not null
Start Program
visitLanguageCore
visitListExtension: 
visitListDecl: 
Visiting function declaration for main
visitListAnnotation: 
visitListParamDecl: 
visitAParamDecl
Visiting NAT: 3  12
SET the stellIDENT: x 2

Visiting StellaIdent: x
SomereturnType
Visiting NAT: 3  20
visitNoThrowType
visitListDecl: 
VisitIf
visitVar
Visiting StellaIdent: x
ERROR: if condition type should be bool. On line:4 char:14
<end of output>
Test time =   0.00 sec
----------------------------------------------------------
Test Passed.
"/home/bekzat/Documents/Innopolis/3_years/advance_compiler/week-3-stella-with-references-subtyping-errors-rkBekzat/tests/core/ill-typed/bad-if-1.stella" end time: Apr 20 17:10 MSK
"/home/bekzat/Documents/Innopolis/3_years/advance_compiler/week-3-stella-with-references-subtyping-errors-rkBekzat/tests/core/ill-typed/bad-if-1.stella" time elapsed: 00:00:00
----------------------------------------------------------

8/60 Testing: /home/bekzat/Documents/Innopolis/3_years/advance_compiler/week-3-stella-with-references-subtyping-errors-rkBekzat/tests/core/ill-typed/bad-if-2.stella
8/60 Test: /home/bekzat/Documents/Innopolis/3_years/advance_compiler/week-3-stella-with-references-subtyping-errors-rkBekzat/tests/core/ill-typed/bad-if-2.stella
Command: "/home/bekzat/Documents/Innopolis/3_years/advance_compiler/week-3-stella-with-references-subtyping-errors-rkBekzat/cmake-build-debug/stella-interpreter" "typecheck" "/home/bekzat/Documents/Innopolis/3_years/advance_compiler/week-3-stella-with-references-subtyping-errors-rkBekzat/tests/core/ill-typed/bad-if-2.stella"
Directory: /home/bekzat/Documents/Innopolis/3_years/advance_compiler/week-3-stella-with-references-subtyping-errors-rkBekzat/cmake-build-debug
"/home/bekzat/Documents/Innopolis/3_years/advance_compiler/week-3-stella-with-references-subtyping-errors-rkBekzat/tests/core/ill-typed/bad-if-2.stella" start time: Apr 20 17:10 MSK
Output:
----------------------------------------------------------
parsing succeeded!
prog is not null
Start Program
visitLanguageCore
visitListExtension: 
visitListDecl: 
Visiting function declaration for main
visitListAnnotation: 
visitListParamDecl: 
visitAParamDecl
Visiting NAT: 3  12
SET the stellIDENT: x 2

Visiting StellaIdent: x
SomereturnType
Visiting NAT: 3  20
visitNoThrowType
visitListDecl: 
VisitIf
ConstFalse
ConstTrue 
ConstInt
visitInt: 0
1 2
ERROR: if return different types on line: 4 position 25 and on line:4 postion35
<end of output>
Test time =   0.00 sec
----------------------------------------------------------
Test Passed.
"/home/bekzat/Documents/Innopolis/3_years/advance_compiler/week-3-stella-with-references-subtyping-errors-rkBekzat/tests/core/ill-typed/bad-if-2.stella" end time: Apr 20 17:10 MSK
"/home/bekzat/Documents/Innopolis/3_years/advance_compiler/week-3-stella-with-references-subtyping-errors-rkBekzat/tests/core/ill-typed/bad-if-2.stella" time elapsed: 00:00:00
----------------------------------------------------------

9/60 Testing: /home/bekzat/Documents/Innopolis/3_years/advance_compiler/week-3-stella-with-references-subtyping-errors-rkBekzat/tests/core/ill-typed/bad-if-3.stella
9/60 Test: /home/bekzat/Documents/Innopolis/3_years/advance_compiler/week-3-stella-with-references-subtyping-errors-rkBekzat/tests/core/ill-typed/bad-if-3.stella
Command: "/home/bekzat/Documents/Innopolis/3_years/advance_compiler/week-3-stella-with-references-subtyping-errors-rkBekzat/cmake-build-debug/stella-interpreter" "typecheck" "/home/bekzat/Documents/Innopolis/3_years/advance_compiler/week-3-stella-with-references-subtyping-errors-rkBekzat/tests/core/ill-typed/bad-if-3.stella"
Directory: /home/bekzat/Documents/Innopolis/3_years/advance_compiler/week-3-stella-with-references-subtyping-errors-rkBekzat/cmake-build-debug
"/home/bekzat/Documents/Innopolis/3_years/advance_compiler/week-3-stella-with-references-subtyping-errors-rkBekzat/tests/core/ill-typed/bad-if-3.stella" start time: Apr 20 17:10 MSK
Output:
----------------------------------------------------------
parsing succeeded!
prog is not null
Start Program
visitLanguageCore
visitListExtension: 
visitListDecl: 
Visiting function declaration for main
visitListAnnotation: 
visitListParamDecl: 
visitAParamDecl
Visiting NAT: 3  12
SET the stellIDENT: x 2

Visiting StellaIdent: x
SomereturnType
Visiting NAT: 3  20
visitNoThrowType
visitListDecl: 
visitApplication
VisitIf
ConstFalse
visitAbstraction
visitListParamDecl: 
visitAParamDecl
Visiting NAT: 4  33
SET the stellIDENT: x 2

Visiting StellaIdent: x
visitVar
Visiting StellaIdent: x
visitAbstraction
visitListParamDecl: 
visitAParamDecl
Visiting NAT: 4  64
SET the stellIDENT: x 2

Visiting StellaIdent: x
visitVar
Visiting StellaIdent: x
visitListExpr: 
----Before : 
ConstFalse
ERROR: mismatch this params on line: 4
1 2
0 0
0 0
<end of output>
Test time =   0.00 sec
----------------------------------------------------------
Test Passed.
"/home/bekzat/Documents/Innopolis/3_years/advance_compiler/week-3-stella-with-references-subtyping-errors-rkBekzat/tests/core/ill-typed/bad-if-3.stella" end time: Apr 20 17:10 MSK
"/home/bekzat/Documents/Innopolis/3_years/advance_compiler/week-3-stella-with-references-subtyping-errors-rkBekzat/tests/core/ill-typed/bad-if-3.stella" time elapsed: 00:00:00
----------------------------------------------------------

10/60 Testing: /home/bekzat/Documents/Innopolis/3_years/advance_compiler/week-3-stella-with-references-subtyping-errors-rkBekzat/tests/core/ill-typed/bad-if-4.stella
10/60 Test: /home/bekzat/Documents/Innopolis/3_years/advance_compiler/week-3-stella-with-references-subtyping-errors-rkBekzat/tests/core/ill-typed/bad-if-4.stella
Command: "/home/bekzat/Documents/Innopolis/3_years/advance_compiler/week-3-stella-with-references-subtyping-errors-rkBekzat/cmake-build-debug/stella-interpreter" "typecheck" "/home/bekzat/Documents/Innopolis/3_years/advance_compiler/week-3-stella-with-references-subtyping-errors-rkBekzat/tests/core/ill-typed/bad-if-4.stella"
Directory: /home/bekzat/Documents/Innopolis/3_years/advance_compiler/week-3-stella-with-references-subtyping-errors-rkBekzat/cmake-build-debug
"/home/bekzat/Documents/Innopolis/3_years/advance_compiler/week-3-stella-with-references-subtyping-errors-rkBekzat/tests/core/ill-typed/bad-if-4.stella" start time: Apr 20 17:10 MSK
Output:
----------------------------------------------------------
parsing succeeded!
prog is not null
Start Program
visitLanguageCore
visitListExtension: 
visitListDecl: 
Visiting function declaration for main
visitListAnnotation: 
visitListParamDecl: 
visitAParamDecl
Visiting NAT: 3  12
SET the stellIDENT: x 2

Visiting StellaIdent: x
SomereturnType
Visiting NAT: 3  20
visitNoThrowType
visitListDecl: 
visitApplication
VisitIf
ConstFalse
ConstTrue 
visitAbstraction
visitListParamDecl: 
visitAParamDecl
Visiting NAT: 4  43
SET the stellIDENT: x 2

Visiting StellaIdent: x
visitVar
Visiting StellaIdent: x
1 3
ERROR: if return different types on line: 4 position 26 and on line:4 postion36
<end of output>
Test time =   0.00 sec
----------------------------------------------------------
Test Passed.
"/home/bekzat/Documents/Innopolis/3_years/advance_compiler/week-3-stella-with-references-subtyping-errors-rkBekzat/tests/core/ill-typed/bad-if-4.stella" end time: Apr 20 17:10 MSK
"/home/bekzat/Documents/Innopolis/3_years/advance_compiler/week-3-stella-with-references-subtyping-errors-rkBekzat/tests/core/ill-typed/bad-if-4.stella" time elapsed: 00:00:00
----------------------------------------------------------

11/60 Testing: /home/bekzat/Documents/Innopolis/3_years/advance_compiler/week-3-stella-with-references-subtyping-errors-rkBekzat/tests/core/ill-typed/bad-squares-1.stella
11/60 Test: /home/bekzat/Documents/Innopolis/3_years/advance_compiler/week-3-stella-with-references-subtyping-errors-rkBekzat/tests/core/ill-typed/bad-squares-1.stella
Command: "/home/bekzat/Documents/Innopolis/3_years/advance_compiler/week-3-stella-with-references-subtyping-errors-rkBekzat/cmake-build-debug/stella-interpreter" "typecheck" "/home/bekzat/Documents/Innopolis/3_years/advance_compiler/week-3-stella-with-references-subtyping-errors-rkBekzat/tests/core/ill-typed/bad-squares-1.stella"
Directory: /home/bekzat/Documents/Innopolis/3_years/advance_compiler/week-3-stella-with-references-subtyping-errors-rkBekzat/cmake-build-debug
"/home/bekzat/Documents/Innopolis/3_years/advance_compiler/week-3-stella-with-references-subtyping-errors-rkBekzat/tests/core/ill-typed/bad-squares-1.stella" start time: Apr 20 17:10 MSK
Output:
----------------------------------------------------------
parsing succeeded!
prog is not null
Start Program
visitLanguageCore
visitListExtension: 
visitListDecl: 
Visiting function declaration for Nat::add
visitListAnnotation: 
visitListParamDecl: 
visitAParamDecl
Visiting NAT: 4  16
SET the stellIDENT: n 2

Visiting StellaIdent: n
SomereturnType
Visiting NAT: 4  24
visitNoThrowType
visitListDecl: 
visitAbstraction
visitListParamDecl: 
visitAParamDecl
Visiting NAT: 5  16
SET the stellIDENT: m 2

Visiting StellaIdent: m
visitNatRec
visitVar
Visiting StellaIdent: n
visitVar
Visiting StellaIdent: m
visitAbstraction
visitListParamDecl: 
visitAParamDecl
Visiting NAT: 6  33
SET the stellIDENT: i 2

Visiting StellaIdent: i
visitAbstraction
visitListParamDecl: 
visitAParamDecl
Visiting NAT: 7  20
SET the stellIDENT: r 2

Visiting StellaIdent: r
visitSucc
visitVar
Visiting StellaIdent: r
Fucntion go out: 3 2 3 1
Function name: Nat::add
ERROR: function should return another type
Line: 5
<end of output>
Test time =   0.00 sec
----------------------------------------------------------
Test Passed.
"/home/bekzat/Documents/Innopolis/3_years/advance_compiler/week-3-stella-with-references-subtyping-errors-rkBekzat/tests/core/ill-typed/bad-squares-1.stella" end time: Apr 20 17:10 MSK
"/home/bekzat/Documents/Innopolis/3_years/advance_compiler/week-3-stella-with-references-subtyping-errors-rkBekzat/tests/core/ill-typed/bad-squares-1.stella" time elapsed: 00:00:00
----------------------------------------------------------

12/60 Testing: /home/bekzat/Documents/Innopolis/3_years/advance_compiler/week-3-stella-with-references-subtyping-errors-rkBekzat/tests/core/ill-typed/bad-squares-2.stella
12/60 Test: /home/bekzat/Documents/Innopolis/3_years/advance_compiler/week-3-stella-with-references-subtyping-errors-rkBekzat/tests/core/ill-typed/bad-squares-2.stella
Command: "/home/bekzat/Documents/Innopolis/3_years/advance_compiler/week-3-stella-with-references-subtyping-errors-rkBekzat/cmake-build-debug/stella-interpreter" "typecheck" "/home/bekzat/Documents/Innopolis/3_years/advance_compiler/week-3-stella-with-references-subtyping-errors-rkBekzat/tests/core/ill-typed/bad-squares-2.stella"
Directory: /home/bekzat/Documents/Innopolis/3_years/advance_compiler/week-3-stella-with-references-subtyping-errors-rkBekzat/cmake-build-debug
"/home/bekzat/Documents/Innopolis/3_years/advance_compiler/week-3-stella-with-references-subtyping-errors-rkBekzat/tests/core/ill-typed/bad-squares-2.stella" start time: Apr 20 17:10 MSK
Output:
----------------------------------------------------------
parsing succeeded!
prog is not null
Start Program
visitLanguageCore
visitListExtension: 
visitListDecl: 
Visiting function declaration for Nat::add
visitListAnnotation: 
visitListParamDecl: 
visitAParamDecl
Visiting NAT: 4  16
SET the stellIDENT: n 2

Visiting StellaIdent: n
SomereturnType
visitTypeFun
visitListType: 
Visiting NAT: 4  27
Visiting NAT: 4  35
visitNoThrowType
visitListDecl: 
visitAbstraction
visitListParamDecl: 
visitAParamDecl
Visiting NAT: 5  16
SET the stellIDENT: m 2

Visiting StellaIdent: m
visitNatRec
visitVar
Visiting StellaIdent: n
visitVar
Visiting StellaIdent: m
visitAbstraction
visitListParamDecl: 
visitAParamDecl
Visiting NAT: 6  33
SET the stellIDENT: i 2

Visiting StellaIdent: i
visitAbstraction
visitListParamDecl: 
visitAParamDecl
Visiting NAT: 7  20
SET the stellIDENT: r 2

Visiting StellaIdent: r
visitSucc
visitVar
Visiting StellaIdent: r
Fucntion go out: 3 3 3 1
Function name: Nat::add
Visiting StellaIdent: Nat::add
Visiting function declaration for square
visitListAnnotation: 
visitListParamDecl: 
visitAParamDecl
Visiting NAT: 15  14
SET the stellIDENT: n 2

Visiting StellaIdent: n
SomereturnType
Visiting NAT: 15  22
visitNoThrowType
visitListDecl: 
visitNatRec
visitVar
Visiting StellaIdent: n
ConstInt
visitInt: 0
visitAbstraction
visitListParamDecl: 
visitAParamDecl
Visiting NAT: 16  31
SET the stellIDENT: i 2

Visiting StellaIdent: i
visitAbstraction
visitListParamDecl: 
visitAParamDecl
Visiting NAT: 17  20
SET the stellIDENT: r 2

Visiting StellaIdent: r
visitApplication
visitVar
Visiting StellaIdent: Nat::add
visitListExpr: 
----Before : 
visitApplication
visitApplication
visitVar
Visiting StellaIdent: Nat::add
visitListExpr: 
----Before : 
visitVar
Visiting StellaIdent: i
Before end application: 3 3
visitListExpr: 
----Before : 
visitSucc
visitVar
Visiting StellaIdent: r
Before end application: 3 2
Before end application: 3 3
ERROR: NatRec 3rd argument functions: Should be same type of params type and return typeLine: 16 position:24
<end of output>
Test time =   0.00 sec
----------------------------------------------------------
Test Passed.
"/home/bekzat/Documents/Innopolis/3_years/advance_compiler/week-3-stella-with-references-subtyping-errors-rkBekzat/tests/core/ill-typed/bad-squares-2.stella" end time: Apr 20 17:10 MSK
"/home/bekzat/Documents/Innopolis/3_years/advance_compiler/week-3-stella-with-references-subtyping-errors-rkBekzat/tests/core/ill-typed/bad-squares-2.stella" time elapsed: 00:00:00
----------------------------------------------------------

13/60 Testing: /home/bekzat/Documents/Innopolis/3_years/advance_compiler/week-3-stella-with-references-subtyping-errors-rkBekzat/tests/core/ill-typed/bad-succ-1.stella
13/60 Test: /home/bekzat/Documents/Innopolis/3_years/advance_compiler/week-3-stella-with-references-subtyping-errors-rkBekzat/tests/core/ill-typed/bad-succ-1.stella
Command: "/home/bekzat/Documents/Innopolis/3_years/advance_compiler/week-3-stella-with-references-subtyping-errors-rkBekzat/cmake-build-debug/stella-interpreter" "typecheck" "/home/bekzat/Documents/Innopolis/3_years/advance_compiler/week-3-stella-with-references-subtyping-errors-rkBekzat/tests/core/ill-typed/bad-succ-1.stella"
Directory: /home/bekzat/Documents/Innopolis/3_years/advance_compiler/week-3-stella-with-references-subtyping-errors-rkBekzat/cmake-build-debug
"/home/bekzat/Documents/Innopolis/3_years/advance_compiler/week-3-stella-with-references-subtyping-errors-rkBekzat/tests/core/ill-typed/bad-succ-1.stella" start time: Apr 20 17:10 MSK
Output:
----------------------------------------------------------
parsing succeeded!
prog is not null
Start Program
visitLanguageCore
visitListExtension: 
visitListDecl: 
Visiting function declaration for main
visitListAnnotation: 
visitListParamDecl: 
visitAParamDecl
Visiting NAT: 3  12
SET the stellIDENT: x 2

Visiting StellaIdent: x
SomereturnType
Visiting NAT: 3  20
visitNoThrowType
visitListDecl: 
visitSucc
visitSucc
visitSucc
VisitIf
ConstTrue 
visitSucc
ConstFalse
ERROR: Succ should accept only Nat. Here different type!
On line 4 at position: 44
<end of output>
Test time =   0.00 sec
----------------------------------------------------------
Test Passed.
"/home/bekzat/Documents/Innopolis/3_years/advance_compiler/week-3-stella-with-references-subtyping-errors-rkBekzat/tests/core/ill-typed/bad-succ-1.stella" end time: Apr 20 17:10 MSK
"/home/bekzat/Documents/Innopolis/3_years/advance_compiler/week-3-stella-with-references-subtyping-errors-rkBekzat/tests/core/ill-typed/bad-succ-1.stella" time elapsed: 00:00:00
----------------------------------------------------------

14/60 Testing: /home/bekzat/Documents/Innopolis/3_years/advance_compiler/week-3-stella-with-references-subtyping-errors-rkBekzat/tests/core/ill-typed/bad-succ-2.stella
14/60 Test: /home/bekzat/Documents/Innopolis/3_years/advance_compiler/week-3-stella-with-references-subtyping-errors-rkBekzat/tests/core/ill-typed/bad-succ-2.stella
Command: "/home/bekzat/Documents/Innopolis/3_years/advance_compiler/week-3-stella-with-references-subtyping-errors-rkBekzat/cmake-build-debug/stella-interpreter" "typecheck" "/home/bekzat/Documents/Innopolis/3_years/advance_compiler/week-3-stella-with-references-subtyping-errors-rkBekzat/tests/core/ill-typed/bad-succ-2.stella"
Directory: /home/bekzat/Documents/Innopolis/3_years/advance_compiler/week-3-stella-with-references-subtyping-errors-rkBekzat/cmake-build-debug
"/home/bekzat/Documents/Innopolis/3_years/advance_compiler/week-3-stella-with-references-subtyping-errors-rkBekzat/tests/core/ill-typed/bad-succ-2.stella" start time: Apr 20 17:10 MSK
Output:
----------------------------------------------------------
parsing succeeded!
prog is not null
Start Program
visitLanguageCore
visitListExtension: 
visitListDecl: 
Visiting function declaration for main
visitListAnnotation: 
visitListParamDecl: 
visitAParamDecl
Visiting NAT: 3  12
SET the stellIDENT: x 2

Visiting StellaIdent: x
SomereturnType
Visiting NAT: 3  20
visitNoThrowType
visitListDecl: 
visitSucc
visitAbstraction
visitListParamDecl: 
visitAParamDecl
Visiting NAT: 4  23
SET the stellIDENT: x 2

Visiting StellaIdent: x
ConstInt
visitInt: 0
ERROR: Succ should accept only Nat. Here different type!
On line 4 at position: 16
<end of output>
Test time =   0.00 sec
----------------------------------------------------------
Test Passed.
"/home/bekzat/Documents/Innopolis/3_years/advance_compiler/week-3-stella-with-references-subtyping-errors-rkBekzat/tests/core/ill-typed/bad-succ-2.stella" end time: Apr 20 17:10 MSK
"/home/bekzat/Documents/Innopolis/3_years/advance_compiler/week-3-stella-with-references-subtyping-errors-rkBekzat/tests/core/ill-typed/bad-succ-2.stella" time elapsed: 00:00:00
----------------------------------------------------------

15/60 Testing: /home/bekzat/Documents/Innopolis/3_years/advance_compiler/week-3-stella-with-references-subtyping-errors-rkBekzat/tests/core/ill-typed/bad-succ-3.stella
15/60 Test: /home/bekzat/Documents/Innopolis/3_years/advance_compiler/week-3-stella-with-references-subtyping-errors-rkBekzat/tests/core/ill-typed/bad-succ-3.stella
Command: "/home/bekzat/Documents/Innopolis/3_years/advance_compiler/week-3-stella-with-references-subtyping-errors-rkBekzat/cmake-build-debug/stella-interpreter" "typecheck" "/home/bekzat/Documents/Innopolis/3_years/advance_compiler/week-3-stella-with-references-subtyping-errors-rkBekzat/tests/core/ill-typed/bad-succ-3.stella"
Directory: /home/bekzat/Documents/Innopolis/3_years/advance_compiler/week-3-stella-with-references-subtyping-errors-rkBekzat/cmake-build-debug
"/home/bekzat/Documents/Innopolis/3_years/advance_compiler/week-3-stella-with-references-subtyping-errors-rkBekzat/tests/core/ill-typed/bad-succ-3.stella" start time: Apr 20 17:10 MSK
Output:
----------------------------------------------------------
parsing succeeded!
prog is not null
Start Program
visitLanguageCore
visitListExtension: 
visitListDecl: 
Visiting function declaration for main
visitListAnnotation: 
visitListParamDecl: 
visitAParamDecl
Visiting NAT: 3  12
SET the stellIDENT: x 2

Visiting StellaIdent: x
SomereturnType
Visiting NAT: 3  20
visitNoThrowType
visitListDecl: 
visitSucc
ConstFalse
ERROR: Succ should accept only Nat. Here different type!
On line 4 at position: 16
<end of output>
Test time =   0.00 sec
----------------------------------------------------------
Test Passed.
"/home/bekzat/Documents/Innopolis/3_years/advance_compiler/week-3-stella-with-references-subtyping-errors-rkBekzat/tests/core/ill-typed/bad-succ-3.stella" end time: Apr 20 17:10 MSK
"/home/bekzat/Documents/Innopolis/3_years/advance_compiler/week-3-stella-with-references-subtyping-errors-rkBekzat/tests/core/ill-typed/bad-succ-3.stella" time elapsed: 00:00:00
----------------------------------------------------------

16/60 Testing: /home/bekzat/Documents/Innopolis/3_years/advance_compiler/week-3-stella-with-references-subtyping-errors-rkBekzat/tests/core/ill-typed/shadowed-variable-1.stella
16/60 Test: /home/bekzat/Documents/Innopolis/3_years/advance_compiler/week-3-stella-with-references-subtyping-errors-rkBekzat/tests/core/ill-typed/shadowed-variable-1.stella
Command: "/home/bekzat/Documents/Innopolis/3_years/advance_compiler/week-3-stella-with-references-subtyping-errors-rkBekzat/cmake-build-debug/stella-interpreter" "typecheck" "/home/bekzat/Documents/Innopolis/3_years/advance_compiler/week-3-stella-with-references-subtyping-errors-rkBekzat/tests/core/ill-typed/shadowed-variable-1.stella"
Directory: /home/bekzat/Documents/Innopolis/3_years/advance_compiler/week-3-stella-with-references-subtyping-errors-rkBekzat/cmake-build-debug
"/home/bekzat/Documents/Innopolis/3_years/advance_compiler/week-3-stella-with-references-subtyping-errors-rkBekzat/tests/core/ill-typed/shadowed-variable-1.stella" start time: Apr 20 17:10 MSK
Output:
----------------------------------------------------------
parsing succeeded!
prog is not null
Start Program
visitLanguageCore
visitListExtension: 
visitListDecl: 
Visiting function declaration for iszero
visitListAnnotation: 
visitListParamDecl: 
visitAParamDecl
Visiting NAT: 3  14
SET the stellIDENT: n 2

Visiting StellaIdent: n
SomereturnType
visitBool
AMAZING WOKR: Bool 

visitNoThrowType
visitListDecl: 
visitNatRec
visitVar
Visiting StellaIdent: n
ConstTrue 
visitAbstraction
visitListParamDecl: 
visitAParamDecl
Visiting NAT: 4  36
SET the stellIDENT: i 2

Visiting StellaIdent: i
visitAbstraction
visitListParamDecl: 
visitAParamDecl
visitBool
AMAZING WOKR: Bool 

SET the stellIDENT: r 1

Visiting StellaIdent: r
ConstTrue 
Fucntion go out: 3 1 1 1
Function name: iszero
Visiting StellaIdent: iszero
Visiting function declaration for f
visitListAnnotation: 
visitListParamDecl: 
visitAParamDecl
visitTypeFun
visitListType: 
visitBool
AMAZING WOKR: Bool 

Visiting NAT: 11  21
SET the stellIDENT: g 3

Visiting StellaIdent: g
SomereturnType
visitTypeFun
visitListType: 
Visiting NAT: 11  32
Visiting NAT: 11  40
visitNoThrowType
visitListDecl: 
visitAbstraction
visitListParamDecl: 
visitAParamDecl
Visiting NAT: 12  18
SET the stellIDENT: g 2

Visiting StellaIdent: g
visitApplication
visitVar
Visiting StellaIdent: g
ERROR: This is not function. On line: 13 at position: 15
<end of output>
Test time =   0.00 sec
----------------------------------------------------------
Test Passed.
"/home/bekzat/Documents/Innopolis/3_years/advance_compiler/week-3-stella-with-references-subtyping-errors-rkBekzat/tests/core/ill-typed/shadowed-variable-1.stella" end time: Apr 20 17:10 MSK
"/home/bekzat/Documents/Innopolis/3_years/advance_compiler/week-3-stella-with-references-subtyping-errors-rkBekzat/tests/core/ill-typed/shadowed-variable-1.stella" time elapsed: 00:00:00
----------------------------------------------------------

17/60 Testing: /home/bekzat/Documents/Innopolis/3_years/advance_compiler/week-3-stella-with-references-subtyping-errors-rkBekzat/tests/core/ill-typed/undefined-variable-1.stella
17/60 Test: /home/bekzat/Documents/Innopolis/3_years/advance_compiler/week-3-stella-with-references-subtyping-errors-rkBekzat/tests/core/ill-typed/undefined-variable-1.stella
Command: "/home/bekzat/Documents/Innopolis/3_years/advance_compiler/week-3-stella-with-references-subtyping-errors-rkBekzat/cmake-build-debug/stella-interpreter" "typecheck" "/home/bekzat/Documents/Innopolis/3_years/advance_compiler/week-3-stella-with-references-subtyping-errors-rkBekzat/tests/core/ill-typed/undefined-variable-1.stella"
Directory: /home/bekzat/Documents/Innopolis/3_years/advance_compiler/week-3-stella-with-references-subtyping-errors-rkBekzat/cmake-build-debug
"/home/bekzat/Documents/Innopolis/3_years/advance_compiler/week-3-stella-with-references-subtyping-errors-rkBekzat/tests/core/ill-typed/undefined-variable-1.stella" start time: Apr 20 17:10 MSK
Output:
----------------------------------------------------------
parsing succeeded!
prog is not null
Start Program
visitLanguageCore
visitListExtension: 
visitListDecl: 
Visiting function declaration for main
visitListAnnotation: 
visitListParamDecl: 
visitAParamDecl
Visiting NAT: 3  12
SET the stellIDENT: x 2

Visiting StellaIdent: x
SomereturnType
Visiting NAT: 3  20
visitNoThrowType
visitListDecl: 
VisitIf
visitVar
Visiting StellaIdent: y
ERROR: The variable undefined, on line: 4 at position: 14
<end of output>
Test time =   0.00 sec
----------------------------------------------------------
Test Passed.
"/home/bekzat/Documents/Innopolis/3_years/advance_compiler/week-3-stella-with-references-subtyping-errors-rkBekzat/tests/core/ill-typed/undefined-variable-1.stella" end time: Apr 20 17:10 MSK
"/home/bekzat/Documents/Innopolis/3_years/advance_compiler/week-3-stella-with-references-subtyping-errors-rkBekzat/tests/core/ill-typed/undefined-variable-1.stella" time elapsed: 00:00:00
----------------------------------------------------------

18/60 Testing: /home/bekzat/Documents/Innopolis/3_years/advance_compiler/week-3-stella-with-references-subtyping-errors-rkBekzat/tests/core/ill-typed/undefined-variable-2.stella
18/60 Test: /home/bekzat/Documents/Innopolis/3_years/advance_compiler/week-3-stella-with-references-subtyping-errors-rkBekzat/tests/core/ill-typed/undefined-variable-2.stella
Command: "/home/bekzat/Documents/Innopolis/3_years/advance_compiler/week-3-stella-with-references-subtyping-errors-rkBekzat/cmake-build-debug/stella-interpreter" "typecheck" "/home/bekzat/Documents/Innopolis/3_years/advance_compiler/week-3-stella-with-references-subtyping-errors-rkBekzat/tests/core/ill-typed/undefined-variable-2.stella"
Directory: /home/bekzat/Documents/Innopolis/3_years/advance_compiler/week-3-stella-with-references-subtyping-errors-rkBekzat/cmake-build-debug
"/home/bekzat/Documents/Innopolis/3_years/advance_compiler/week-3-stella-with-references-subtyping-errors-rkBekzat/tests/core/ill-typed/undefined-variable-2.stella" start time: Apr 20 17:10 MSK
Output:
----------------------------------------------------------
parsing succeeded!
prog is not null
Start Program
visitLanguageCore
visitListExtension: 
visitListDecl: 
Visiting function declaration for iszero
visitListAnnotation: 
visitListParamDecl: 
visitAParamDecl
Visiting NAT: 3  14
SET the stellIDENT: n 2

Visiting StellaIdent: n
SomereturnType
visitBool
AMAZING WOKR: Bool 

visitNoThrowType
visitListDecl: 
visitNatRec
visitVar
Visiting StellaIdent: n
ConstTrue 
visitAbstraction
visitListParamDecl: 
visitAParamDecl
Visiting NAT: 4  36
SET the stellIDENT: i 2

Visiting StellaIdent: i
visitAbstraction
visitListParamDecl: 
visitAParamDecl
visitBool
AMAZING WOKR: Bool 

SET the stellIDENT: r 1

Visiting StellaIdent: r
ConstTrue 
Fucntion go out: 3 1 1 1
Function name: iszero
Visiting StellaIdent: iszero
Visiting function declaration for f
visitListAnnotation: 
visitListParamDecl: 
visitAParamDecl
visitTypeFun
visitListType: 
visitBool
AMAZING WOKR: Bool 

Visiting NAT: 11  21
SET the stellIDENT: g 3

Visiting StellaIdent: g
SomereturnType
visitTypeFun
visitListType: 
Visiting NAT: 11  32
Visiting NAT: 11  40
visitNoThrowType
visitListDecl: 
visitAbstraction
visitListParamDecl: 
visitAParamDecl
Visiting NAT: 12  18
SET the stellIDENT: n 2

Visiting StellaIdent: n
visitApplication
visitVar
Visiting StellaIdent: g
visitListExpr: 
----Before : 
VisitIf
visitApplication
visitVar
Visiting StellaIdent: iszero
visitListExpr: 
----Before : 
visitVar
Visiting StellaIdent: m
ERROR: The variable undefined, on line: 13 at position: 27
<end of output>
Test time =   0.00 sec
----------------------------------------------------------
Test Passed.
"/home/bekzat/Documents/Innopolis/3_years/advance_compiler/week-3-stella-with-references-subtyping-errors-rkBekzat/tests/core/ill-typed/undefined-variable-2.stella" end time: Apr 20 17:10 MSK
"/home/bekzat/Documents/Innopolis/3_years/advance_compiler/week-3-stella-with-references-subtyping-errors-rkBekzat/tests/core/ill-typed/undefined-variable-2.stella" time elapsed: 00:00:00
----------------------------------------------------------

19/60 Testing: /home/bekzat/Documents/Innopolis/3_years/advance_compiler/week-3-stella-with-references-subtyping-errors-rkBekzat/tests/exceptions/ill-typed/bad-panic-1.stella
19/60 Test: /home/bekzat/Documents/Innopolis/3_years/advance_compiler/week-3-stella-with-references-subtyping-errors-rkBekzat/tests/exceptions/ill-typed/bad-panic-1.stella
Command: "/home/bekzat/Documents/Innopolis/3_years/advance_compiler/week-3-stella-with-references-subtyping-errors-rkBekzat/cmake-build-debug/stella-interpreter" "typecheck" "/home/bekzat/Documents/Innopolis/3_years/advance_compiler/week-3-stella-with-references-subtyping-errors-rkBekzat/tests/exceptions/ill-typed/bad-panic-1.stella"
Directory: /home/bekzat/Documents/Innopolis/3_years/advance_compiler/week-3-stella-with-references-subtyping-errors-rkBekzat/cmake-build-debug
"/home/bekzat/Documents/Innopolis/3_years/advance_compiler/week-3-stella-with-references-subtyping-errors-rkBekzat/tests/exceptions/ill-typed/bad-panic-1.stella" start time: Apr 20 17:10 MSK
Output:
----------------------------------------------------------
parsing succeeded!
prog is not null
Start Program
visitLanguageCore
visitListExtension: 
visitAnExtensionvisitListExtensionName: 
visitExtensionName: #panic
visitListDecl: 
Visiting function declaration for main
visitListAnnotation: 
visitListParamDecl: 
visitAParamDecl
Visiting NAT: 6  12
SET the stellIDENT: n 2

Visiting StellaIdent: n
SomereturnType
Visiting NAT: 6  20
visitNoThrowType
visitListDecl: 
visitApplication
visitPanic
ERROR: This is not function. On line: 7 at position: 9
<end of output>
Test time =   0.00 sec
----------------------------------------------------------
Test Passed.
"/home/bekzat/Documents/Innopolis/3_years/advance_compiler/week-3-stella-with-references-subtyping-errors-rkBekzat/tests/exceptions/ill-typed/bad-panic-1.stella" end time: Apr 20 17:10 MSK
"/home/bekzat/Documents/Innopolis/3_years/advance_compiler/week-3-stella-with-references-subtyping-errors-rkBekzat/tests/exceptions/ill-typed/bad-panic-1.stella" time elapsed: 00:00:00
----------------------------------------------------------

20/60 Testing: /home/bekzat/Documents/Innopolis/3_years/advance_compiler/week-3-stella-with-references-subtyping-errors-rkBekzat/tests/lists/ill-typed/bad-variants-1.stella
20/60 Test: /home/bekzat/Documents/Innopolis/3_years/advance_compiler/week-3-stella-with-references-subtyping-errors-rkBekzat/tests/lists/ill-typed/bad-variants-1.stella
Command: "/home/bekzat/Documents/Innopolis/3_years/advance_compiler/week-3-stella-with-references-subtyping-errors-rkBekzat/cmake-build-debug/stella-interpreter" "typecheck" "/home/bekzat/Documents/Innopolis/3_years/advance_compiler/week-3-stella-with-references-subtyping-errors-rkBekzat/tests/lists/ill-typed/bad-variants-1.stella"
Directory: /home/bekzat/Documents/Innopolis/3_years/advance_compiler/week-3-stella-with-references-subtyping-errors-rkBekzat/cmake-build-debug
"/home/bekzat/Documents/Innopolis/3_years/advance_compiler/week-3-stella-with-references-subtyping-errors-rkBekzat/tests/lists/ill-typed/bad-variants-1.stella" start time: Apr 20 17:10 MSK
Output:
----------------------------------------------------------
parsing succeeded!
prog is not null
Start Program
visitLanguageCore
visitListExtension: 
visitAnExtensionvisitListExtensionName: 
visitExtensionName: #lists
visitExtensionName: #general-recursion
visitListDecl: 
Visiting function declaration for length
visitListAnnotation: 
visitListParamDecl: 
visitAParamDecl
visitTypeList
Visiting NAT: 4  18
SET the stellIDENT: list 7

Visiting StellaIdent: list
SomereturnType
Visiting NAT: 4  27
visitNoThrowType
visitListDecl: 
VisitIf
visitIsEmpty
visitVar
Visiting StellaIdent: list
ConstInt
visitInt: 0
visitSucc
visitApplication
visitVar
Visiting StellaIdent: length
ERROR: This is not function. On line: 7 at position: 14
<end of output>
Test time =   0.00 sec
----------------------------------------------------------
Test Passed.
"/home/bekzat/Documents/Innopolis/3_years/advance_compiler/week-3-stella-with-references-subtyping-errors-rkBekzat/tests/lists/ill-typed/bad-variants-1.stella" end time: Apr 20 17:10 MSK
"/home/bekzat/Documents/Innopolis/3_years/advance_compiler/week-3-stella-with-references-subtyping-errors-rkBekzat/tests/lists/ill-typed/bad-variants-1.stella" time elapsed: 00:00:00
----------------------------------------------------------

21/60 Testing: /home/bekzat/Documents/Innopolis/3_years/advance_compiler/week-3-stella-with-references-subtyping-errors-rkBekzat/tests/pairs/ill-typed/bad-pairs-1.stella
21/60 Test: /home/bekzat/Documents/Innopolis/3_years/advance_compiler/week-3-stella-with-references-subtyping-errors-rkBekzat/tests/pairs/ill-typed/bad-pairs-1.stella
Command: "/home/bekzat/Documents/Innopolis/3_years/advance_compiler/week-3-stella-with-references-subtyping-errors-rkBekzat/cmake-build-debug/stella-interpreter" "typecheck" "/home/bekzat/Documents/Innopolis/3_years/advance_compiler/week-3-stella-with-references-subtyping-errors-rkBekzat/tests/pairs/ill-typed/bad-pairs-1.stella"
Directory: /home/bekzat/Documents/Innopolis/3_years/advance_compiler/week-3-stella-with-references-subtyping-errors-rkBekzat/cmake-build-debug
"/home/bekzat/Documents/Innopolis/3_years/advance_compiler/week-3-stella-with-references-subtyping-errors-rkBekzat/tests/pairs/ill-typed/bad-pairs-1.stella" start time: Apr 20 17:10 MSK
Output:
----------------------------------------------------------
parsing succeeded!
prog is not null
Start Program
visitLanguageCore
visitListExtension: 
visitAnExtensionvisitListExtensionName: 
visitExtensionName: #pairs
visitListDecl: 
Visiting function declaration for swap
visitListAnnotation: 
visitListParamDecl: 
visitAParamDecl
visitTypeTuple
visitListType: 
Visiting NAT: 4  13
visitBool
AMAZING WOKR: Bool 

SET the stellIDENT: p 5

Visiting StellaIdent: p
SomereturnType
visitTypeTuple
visitListType: 
visitBool
AMAZING WOKR: Bool 

Visiting NAT: 4  35
visitNoThrowType
visitListDecl: 
visitTuple
visitListExpr: 
----Before : 
visitDotTuple
visitVar
Visiting StellaIdent: p
visitInt: 2


----Before : 
visitDotTuple
visitVar
Visiting StellaIdent: p
visitInt: 1


Fucntion go out: 3 5 5 1
Function name: swap
Visiting StellaIdent: swap
Visiting function declaration for main
visitListAnnotation: 
visitListParamDecl: 
visitAParamDecl
Visiting NAT: 8  12
SET the stellIDENT: x 2

Visiting StellaIdent: x
SomereturnType
Visiting NAT: 8  20
visitNoThrowType
visitListDecl: 
visitDotTuple
visitApplication
visitVar
Visiting StellaIdent: swap
visitListExpr: 
----Before : 
visitApplication
visitVar
Visiting StellaIdent: swap
visitListExpr: 
----Before : 
visitTuple
visitListExpr: 
----Before : 
ConstInt
visitInt: 0
----Before : 
visitVar
Visiting StellaIdent: x
ERROR: mismatch this params on line: 9
5 5
2 2
0 0
<end of output>
Test time =   0.00 sec
----------------------------------------------------------
Test Passed.
"/home/bekzat/Documents/Innopolis/3_years/advance_compiler/week-3-stella-with-references-subtyping-errors-rkBekzat/tests/pairs/ill-typed/bad-pairs-1.stella" end time: Apr 20 17:10 MSK
"/home/bekzat/Documents/Innopolis/3_years/advance_compiler/week-3-stella-with-references-subtyping-errors-rkBekzat/tests/pairs/ill-typed/bad-pairs-1.stella" time elapsed: 00:00:00
----------------------------------------------------------

22/60 Testing: /home/bekzat/Documents/Innopolis/3_years/advance_compiler/week-3-stella-with-references-subtyping-errors-rkBekzat/tests/records/ill-typed/bad-records-1.stella
22/60 Test: /home/bekzat/Documents/Innopolis/3_years/advance_compiler/week-3-stella-with-references-subtyping-errors-rkBekzat/tests/records/ill-typed/bad-records-1.stella
Command: "/home/bekzat/Documents/Innopolis/3_years/advance_compiler/week-3-stella-with-references-subtyping-errors-rkBekzat/cmake-build-debug/stella-interpreter" "typecheck" "/home/bekzat/Documents/Innopolis/3_years/advance_compiler/week-3-stella-with-references-subtyping-errors-rkBekzat/tests/records/ill-typed/bad-records-1.stella"
Directory: /home/bekzat/Documents/Innopolis/3_years/advance_compiler/week-3-stella-with-references-subtyping-errors-rkBekzat/cmake-build-debug
"/home/bekzat/Documents/Innopolis/3_years/advance_compiler/week-3-stella-with-references-subtyping-errors-rkBekzat/tests/records/ill-typed/bad-records-1.stella" start time: Apr 20 17:10 MSK
Output:
----------------------------------------------------------
parsing succeeded!
prog is not null
Start Program
visitLanguageCore
visitListExtension: 
visitAnExtensionvisitListExtensionName: 
visitExtensionName: #records
visitListDecl: 
Visiting function declaration for rotate3
visitListAnnotation: 
visitListParamDecl: 
visitAParamDecl
visitTypeRecord
visitListRecordFieldType: 
visitARecordFieldType
Visiting NAT: 4  20
visitARecordFieldType
visitBool
AMAZING WOKR: Bool 

visitARecordFieldType
Visiting NAT: 4  39
SET the stellIDENT: p 8

Visiting StellaIdent: p
SomereturnType
visitTypeRecord
visitListRecordFieldType: 
visitARecordFieldType
Visiting NAT: 4  53
visitARecordFieldType
Visiting NAT: 4  62
visitARecordFieldType
Visiting NAT: 4  71
visitNoThrowType
visitListDecl: 
visitRecord
visitListBinding: 
visitABinding
visitDotRecord
visitVar
Visiting StellaIdent: p
Before Binding: p . z 
visitABinding
visitDotRecord
visitVar
Visiting StellaIdent: p
Before Binding: p . y 
visitABinding
visitDotRecord
visitVar
Visiting StellaIdent: p
Before Binding: p . x 
Fucntion go out: 3 8 8 1
Function name: rotate3
ERROR: function should return another type
Line: 5
<end of output>
Test time =   0.00 sec
----------------------------------------------------------
Test Passed.
"/home/bekzat/Documents/Innopolis/3_years/advance_compiler/week-3-stella-with-references-subtyping-errors-rkBekzat/tests/records/ill-typed/bad-records-1.stella" end time: Apr 20 17:10 MSK
"/home/bekzat/Documents/Innopolis/3_years/advance_compiler/week-3-stella-with-references-subtyping-errors-rkBekzat/tests/records/ill-typed/bad-records-1.stella" time elapsed: 00:00:00
----------------------------------------------------------

23/60 Testing: /home/bekzat/Documents/Innopolis/3_years/advance_compiler/week-3-stella-with-references-subtyping-errors-rkBekzat/tests/references/ill-typed/bad-refs-1.stella
23/60 Test: /home/bekzat/Documents/Innopolis/3_years/advance_compiler/week-3-stella-with-references-subtyping-errors-rkBekzat/tests/references/ill-typed/bad-refs-1.stella
Command: "/home/bekzat/Documents/Innopolis/3_years/advance_compiler/week-3-stella-with-references-subtyping-errors-rkBekzat/cmake-build-debug/stella-interpreter" "typecheck" "/home/bekzat/Documents/Innopolis/3_years/advance_compiler/week-3-stella-with-references-subtyping-errors-rkBekzat/tests/references/ill-typed/bad-refs-1.stella"
Directory: /home/bekzat/Documents/Innopolis/3_years/advance_compiler/week-3-stella-with-references-subtyping-errors-rkBekzat/cmake-build-debug
"/home/bekzat/Documents/Innopolis/3_years/advance_compiler/week-3-stella-with-references-subtyping-errors-rkBekzat/tests/references/ill-typed/bad-refs-1.stella" start time: Apr 20 17:10 MSK
Output:
----------------------------------------------------------
parsing succeeded!
prog is not null
Start Program
visitLanguageCore
visitListExtension: 
visitAnExtensionvisitListExtensionName: 
visitExtensionName: #unit-types
visitExtensionName: #references
visitExtensionName: #sequencing
visitListDecl: 
Visiting function declaration for inc_ref
visitListAnnotation: 
visitListParamDecl: 
visitAParamDecl
visitTypeRef
Visiting NAT: 8  18
SET the stellIDENT: ref 9

Visiting StellaIdent: ref
SomereturnType
visitTypeUnit
visitNoThrowType
visitListDecl: 
visitAssign
visitVar
Visiting StellaIdent: ref
visitSucc
visitVar
Visiting StellaIdent: ref
ERROR: Succ should accept only Nat. Here different type!
On line 10 at position: 16
<end of output>
Test time =   0.00 sec
----------------------------------------------------------
Test Passed.
"/home/bekzat/Documents/Innopolis/3_years/advance_compiler/week-3-stella-with-references-subtyping-errors-rkBekzat/tests/references/ill-typed/bad-refs-1.stella" end time: Apr 20 17:10 MSK
"/home/bekzat/Documents/Innopolis/3_years/advance_compiler/week-3-stella-with-references-subtyping-errors-rkBekzat/tests/references/ill-typed/bad-refs-1.stella" time elapsed: 00:00:00
----------------------------------------------------------

24/60 Testing: /home/bekzat/Documents/Innopolis/3_years/advance_compiler/week-3-stella-with-references-subtyping-errors-rkBekzat/tests/references/ill-typed/bad-refs-2.stella
24/60 Test: /home/bekzat/Documents/Innopolis/3_years/advance_compiler/week-3-stella-with-references-subtyping-errors-rkBekzat/tests/references/ill-typed/bad-refs-2.stella
Command: "/home/bekzat/Documents/Innopolis/3_years/advance_compiler/week-3-stella-with-references-subtyping-errors-rkBekzat/cmake-build-debug/stella-interpreter" "typecheck" "/home/bekzat/Documents/Innopolis/3_years/advance_compiler/week-3-stella-with-references-subtyping-errors-rkBekzat/tests/references/ill-typed/bad-refs-2.stella"
Directory: /home/bekzat/Documents/Innopolis/3_years/advance_compiler/week-3-stella-with-references-subtyping-errors-rkBekzat/cmake-build-debug
"/home/bekzat/Documents/Innopolis/3_years/advance_compiler/week-3-stella-with-references-subtyping-errors-rkBekzat/tests/references/ill-typed/bad-refs-2.stella" start time: Apr 20 17:10 MSK
Output:
----------------------------------------------------------
parsing succeeded!
prog is not null
Start Program
visitLanguageCore
visitListExtension: 
visitAnExtensionvisitListExtensionName: 
visitExtensionName: #references
visitExtensionName: #sequencing
visitExtensionName: #unit-types
visitListDecl: 
Visiting function declaration for inc
visitListAnnotation: 
visitListParamDecl: 
visitAParamDecl
visitTypeRef
Visiting NAT: 5  14
SET the stellIDENT: ref 9

Visiting StellaIdent: ref
SomereturnType
visitTypeUnit
visitNoThrowType
visitListDecl: 
visitAssign
visitVar
Visiting StellaIdent: ref
visitSucc
visitDeref
visitVar
Visiting StellaIdent: ref
Fucntion go out: 3 4 4 1
Function name: inc
Visiting StellaIdent: inc
Visiting function declaration for main
visitListAnnotation: 
visitListParamDecl: 
visitAParamDecl
Visiting NAT: 9  16
SET the stellIDENT: input 2

Visiting StellaIdent: input
SomereturnType
Visiting NAT: 9  24
visitNoThrowType
visitListDecl: 
visitSequence
visitApplication
visitVar
Visiting StellaIdent: inc
visitListExpr: 
----Before : 
visitRef
visitVar
Visiting StellaIdent: input
Before end application: 3 4
visitDeref
visitVar
Visiting StellaIdent: input
ERROR: The type should be reference, on line: 10
<end of output>
Test time =   0.00 sec
----------------------------------------------------------
Test Passed.
"/home/bekzat/Documents/Innopolis/3_years/advance_compiler/week-3-stella-with-references-subtyping-errors-rkBekzat/tests/references/ill-typed/bad-refs-2.stella" end time: Apr 20 17:10 MSK
"/home/bekzat/Documents/Innopolis/3_years/advance_compiler/week-3-stella-with-references-subtyping-errors-rkBekzat/tests/references/ill-typed/bad-refs-2.stella" time elapsed: 00:00:00
----------------------------------------------------------

25/60 Testing: /home/bekzat/Documents/Innopolis/3_years/advance_compiler/week-3-stella-with-references-subtyping-errors-rkBekzat/tests/references/ill-typed/bad-refs-3.stella
25/60 Test: /home/bekzat/Documents/Innopolis/3_years/advance_compiler/week-3-stella-with-references-subtyping-errors-rkBekzat/tests/references/ill-typed/bad-refs-3.stella
Command: "/home/bekzat/Documents/Innopolis/3_years/advance_compiler/week-3-stella-with-references-subtyping-errors-rkBekzat/cmake-build-debug/stella-interpreter" "typecheck" "/home/bekzat/Documents/Innopolis/3_years/advance_compiler/week-3-stella-with-references-subtyping-errors-rkBekzat/tests/references/ill-typed/bad-refs-3.stella"
Directory: /home/bekzat/Documents/Innopolis/3_years/advance_compiler/week-3-stella-with-references-subtyping-errors-rkBekzat/cmake-build-debug
"/home/bekzat/Documents/Innopolis/3_years/advance_compiler/week-3-stella-with-references-subtyping-errors-rkBekzat/tests/references/ill-typed/bad-refs-3.stella" start time: Apr 20 17:10 MSK
Output:
----------------------------------------------------------
<end of output>
Test time =   0.12 sec
----------------------------------------------------------
Test Failed.
"/home/bekzat/Documents/Innopolis/3_years/advance_compiler/week-3-stella-with-references-subtyping-errors-rkBekzat/tests/references/ill-typed/bad-refs-3.stella" end time: Apr 20 17:10 MSK
"/home/bekzat/Documents/Innopolis/3_years/advance_compiler/week-3-stella-with-references-subtyping-errors-rkBekzat/tests/references/ill-typed/bad-refs-3.stella" time elapsed: 00:00:00
----------------------------------------------------------

26/60 Testing: /home/bekzat/Documents/Innopolis/3_years/advance_compiler/week-3-stella-with-references-subtyping-errors-rkBekzat/tests/subtyping/ill-typed/bad-subtyping-1.stella
26/60 Test: /home/bekzat/Documents/Innopolis/3_years/advance_compiler/week-3-stella-with-references-subtyping-errors-rkBekzat/tests/subtyping/ill-typed/bad-subtyping-1.stella
Command: "/home/bekzat/Documents/Innopolis/3_years/advance_compiler/week-3-stella-with-references-subtyping-errors-rkBekzat/cmake-build-debug/stella-interpreter" "typecheck" "/home/bekzat/Documents/Innopolis/3_years/advance_compiler/week-3-stella-with-references-subtyping-errors-rkBekzat/tests/subtyping/ill-typed/bad-subtyping-1.stella"
Directory: /home/bekzat/Documents/Innopolis/3_years/advance_compiler/week-3-stella-with-references-subtyping-errors-rkBekzat/cmake-build-debug
"/home/bekzat/Documents/Innopolis/3_years/advance_compiler/week-3-stella-with-references-subtyping-errors-rkBekzat/tests/subtyping/ill-typed/bad-subtyping-1.stella" start time: Apr 20 17:10 MSK
Output:
----------------------------------------------------------
parsing succeeded!
prog is not null
Start Program
visitLanguageCore
visitListExtension: 
visitAnExtensionvisitListExtensionName: 
visitExtensionName: #records
visitExtensionName: #structural-subtyping
visitListDecl: 
Visiting function declaration for f
visitListAnnotation: 
visitListParamDecl: 
visitAParamDecl
visitTypeRecord
visitListRecordFieldType: 
visitARecordFieldType
Visiting NAT: 7  14
visitARecordFieldType
Visiting NAT: 7  23
SET the stellIDENT: r 8

Visiting StellaIdent: r
SomereturnType
Visiting NAT: 7  32
visitNoThrowType
visitListDecl: 
visitDotRecord
visitVar
Visiting StellaIdent: r
Before Binding: r . x 
Fucntion go out: 3 2 2 1
Function name: f
Visiting StellaIdent: f
Visiting function declaration for main
visitListAnnotation: 
visitListParamDecl: 
visitAParamDecl
Visiting NAT: 11  12
SET the stellIDENT: n 2

Visiting StellaIdent: n
SomereturnType
Visiting NAT: 11  20
visitNoThrowType
visitListDecl: 
visitApplication
visitVar
Visiting StellaIdent: f
visitListExpr: 
----Before : 
visitRecord
visitListBinding: 
visitABinding
visitVar
Visiting StellaIdent: n
ERROR: mismatch this params on line: 12
8 8
0 0
0 0
<end of output>
Test time =   0.00 sec
----------------------------------------------------------
Test Passed.
"/home/bekzat/Documents/Innopolis/3_years/advance_compiler/week-3-stella-with-references-subtyping-errors-rkBekzat/tests/subtyping/ill-typed/bad-subtyping-1.stella" end time: Apr 20 17:10 MSK
"/home/bekzat/Documents/Innopolis/3_years/advance_compiler/week-3-stella-with-references-subtyping-errors-rkBekzat/tests/subtyping/ill-typed/bad-subtyping-1.stella" time elapsed: 00:00:00
----------------------------------------------------------

27/60 Testing: /home/bekzat/Documents/Innopolis/3_years/advance_compiler/week-3-stella-with-references-subtyping-errors-rkBekzat/tests/subtyping/ill-typed/bad-subtyping-2.stella
27/60 Test: /home/bekzat/Documents/Innopolis/3_years/advance_compiler/week-3-stella-with-references-subtyping-errors-rkBekzat/tests/subtyping/ill-typed/bad-subtyping-2.stella
Command: "/home/bekzat/Documents/Innopolis/3_years/advance_compiler/week-3-stella-with-references-subtyping-errors-rkBekzat/cmake-build-debug/stella-interpreter" "typecheck" "/home/bekzat/Documents/Innopolis/3_years/advance_compiler/week-3-stella-with-references-subtyping-errors-rkBekzat/tests/subtyping/ill-typed/bad-subtyping-2.stella"
Directory: /home/bekzat/Documents/Innopolis/3_years/advance_compiler/week-3-stella-with-references-subtyping-errors-rkBekzat/cmake-build-debug
"/home/bekzat/Documents/Innopolis/3_years/advance_compiler/week-3-stella-with-references-subtyping-errors-rkBekzat/tests/subtyping/ill-typed/bad-subtyping-2.stella" start time: Apr 20 17:10 MSK
Output:
----------------------------------------------------------
parsing succeeded!
prog is not null
Start Program
visitLanguageCore
visitListExtension: 
visitAnExtensionvisitListExtensionName: 
visitExtensionName: #records
visitExtensionName: #structural-subtyping
visitListDecl: 
Visiting function declaration for f
visitListAnnotation: 
visitListParamDecl: 
visitAParamDecl
visitTypeRecord
visitListRecordFieldType: 
visitARecordFieldType
Visiting NAT: 7  14
visitARecordFieldType
Visiting NAT: 7  23
SET the stellIDENT: r 8

Visiting StellaIdent: r
SomereturnType
Visiting NAT: 7  32
visitNoThrowType
visitListDecl: 
visitDotRecord
visitVar
Visiting StellaIdent: r
Before Binding: r . x 
Fucntion go out: 3 2 2 1
Function name: f
Visiting StellaIdent: f
Visiting function declaration for g
visitListAnnotation: 
visitListParamDecl: 
visitAParamDecl
visitTypeFun
visitListType: 
visitTypeRecord
visitListRecordFieldType: 
visitARecordFieldType
Visiting NAT: 11  17
Visiting NAT: 11  26
SET the stellIDENT: k 3

Visiting StellaIdent: k
SomereturnType
Visiting NAT: 11  34
visitNoThrowType
visitListDecl: 
visitApplication
visitVar
Visiting StellaIdent: k
visitListExpr: 
----Before : 
visitRecord
visitListBinding: 
visitABinding
ConstInt
visitInt: 0
visitABinding
ConstInt
visitInt: 0
ERROR: mismatch this params on line: 12
8 8
0 0
0 0
<end of output>
Test time =   0.00 sec
----------------------------------------------------------
Test Passed.
"/home/bekzat/Documents/Innopolis/3_years/advance_compiler/week-3-stella-with-references-subtyping-errors-rkBekzat/tests/subtyping/ill-typed/bad-subtyping-2.stella" end time: Apr 20 17:10 MSK
"/home/bekzat/Documents/Innopolis/3_years/advance_compiler/week-3-stella-with-references-subtyping-errors-rkBekzat/tests/subtyping/ill-typed/bad-subtyping-2.stella" time elapsed: 00:00:00
----------------------------------------------------------

28/60 Testing: /home/bekzat/Documents/Innopolis/3_years/advance_compiler/week-3-stella-with-references-subtyping-errors-rkBekzat/tests/subtyping/ill-typed/bad-subtyping-3.stella
28/60 Test: /home/bekzat/Documents/Innopolis/3_years/advance_compiler/week-3-stella-with-references-subtyping-errors-rkBekzat/tests/subtyping/ill-typed/bad-subtyping-3.stella
Command: "/home/bekzat/Documents/Innopolis/3_years/advance_compiler/week-3-stella-with-references-subtyping-errors-rkBekzat/cmake-build-debug/stella-interpreter" "typecheck" "/home/bekzat/Documents/Innopolis/3_years/advance_compiler/week-3-stella-with-references-subtyping-errors-rkBekzat/tests/subtyping/ill-typed/bad-subtyping-3.stella"
Directory: /home/bekzat/Documents/Innopolis/3_years/advance_compiler/week-3-stella-with-references-subtyping-errors-rkBekzat/cmake-build-debug
"/home/bekzat/Documents/Innopolis/3_years/advance_compiler/week-3-stella-with-references-subtyping-errors-rkBekzat/tests/subtyping/ill-typed/bad-subtyping-3.stella" start time: Apr 20 17:10 MSK
Output:
----------------------------------------------------------
parsing succeeded!
prog is not null
Start Program
visitLanguageCore
visitListExtension: 
visitAnExtensionvisitListExtensionName: 
visitExtensionName: #records
visitExtensionName: #structural-subtyping
visitListDecl: 
Visiting function declaration for f
visitListAnnotation: 
visitListParamDecl: 
visitAParamDecl
visitTypeRecord
visitListRecordFieldType: 
visitARecordFieldType
Visiting NAT: 7  14
SET the stellIDENT: r 8

Visiting StellaIdent: r
SomereturnType
Visiting NAT: 7  23
visitNoThrowType
visitListDecl: 
visitDotRecord
visitVar
Visiting StellaIdent: r
Before Binding: r . x 
Fucntion go out: 3 2 2 1
Function name: f
Visiting StellaIdent: f
Visiting function declaration for g
visitListAnnotation: 
visitListParamDecl: 
visitAParamDecl
visitTypeFun
visitListType: 
visitTypeRecord
visitListRecordFieldType: 
visitARecordFieldType
Visiting NAT: 11  17
visitARecordFieldType
Visiting NAT: 11  26
Visiting NAT: 11  35
SET the stellIDENT: k 3

Visiting StellaIdent: k
SomereturnType
Visiting NAT: 11  43
visitNoThrowType
visitListDecl: 
visitApplication
visitVar
Visiting StellaIdent: k
visitListExpr: 
----Before : 
visitRecord
visitListBinding: 
visitABinding
ConstInt
visitInt: 0
visitABinding
ConstInt
visitInt: 0
ERROR: mismatch this params on line: 12
8 8
0 0
0 0
<end of output>
Test time =   0.00 sec
----------------------------------------------------------
Test Passed.
"/home/bekzat/Documents/Innopolis/3_years/advance_compiler/week-3-stella-with-references-subtyping-errors-rkBekzat/tests/subtyping/ill-typed/bad-subtyping-3.stella" end time: Apr 20 17:10 MSK
"/home/bekzat/Documents/Innopolis/3_years/advance_compiler/week-3-stella-with-references-subtyping-errors-rkBekzat/tests/subtyping/ill-typed/bad-subtyping-3.stella" time elapsed: 00:00:00
----------------------------------------------------------

29/60 Testing: /home/bekzat/Documents/Innopolis/3_years/advance_compiler/week-3-stella-with-references-subtyping-errors-rkBekzat/tests/subtyping/ill-typed/bad-subtyping-4.stella
29/60 Test: /home/bekzat/Documents/Innopolis/3_years/advance_compiler/week-3-stella-with-references-subtyping-errors-rkBekzat/tests/subtyping/ill-typed/bad-subtyping-4.stella
Command: "/home/bekzat/Documents/Innopolis/3_years/advance_compiler/week-3-stella-with-references-subtyping-errors-rkBekzat/cmake-build-debug/stella-interpreter" "typecheck" "/home/bekzat/Documents/Innopolis/3_years/advance_compiler/week-3-stella-with-references-subtyping-errors-rkBekzat/tests/subtyping/ill-typed/bad-subtyping-4.stella"
Directory: /home/bekzat/Documents/Innopolis/3_years/advance_compiler/week-3-stella-with-references-subtyping-errors-rkBekzat/cmake-build-debug
"/home/bekzat/Documents/Innopolis/3_years/advance_compiler/week-3-stella-with-references-subtyping-errors-rkBekzat/tests/subtyping/ill-typed/bad-subtyping-4.stella" start time: Apr 20 17:10 MSK
Output:
----------------------------------------------------------
parsing succeeded!
prog is not null
Start Program
visitLanguageCore
visitListExtension: 
visitAnExtensionvisitListExtensionName: 
visitExtensionName: #records
visitExtensionName: #structural-subtyping
visitExtensionName: #bottom-type
visitListDecl: 
Visiting function declaration for f
visitListAnnotation: 
visitListParamDecl: 
visitAParamDecl
visitTypeRecord
visitListRecordFieldType: 
visitARecordFieldType
Visiting NAT: 8  14
SET the stellIDENT: r 8

Visiting StellaIdent: r
SomereturnType
Visiting NAT: 8  23
visitNoThrowType
visitListDecl: 
visitDotRecord
visitVar
Visiting StellaIdent: r
Before Binding: r . x 
Fucntion go out: 3 2 2 1
Function name: f
Visiting StellaIdent: f
Visiting function declaration for g
visitListAnnotation: 
visitListParamDecl: 
visitAParamDecl
visitTypeFun
visitListType: 
visitTypeRecord
visitListRecordFieldType: 
visitARecordFieldType
Visiting NAT: 12  17
visitARecordFieldType
Visiting NAT: 12  26
Visiting NAT: 12  35
SET the stellIDENT: k 3

Visiting StellaIdent: k
SomereturnType
Visiting NAT: 12  43
visitNoThrowType
visitListDecl: 
visitApplication
visitVar
Visiting StellaIdent: k
visitListExpr: 
----Before : 
visitRecord
visitListBinding: 
visitABinding
ConstInt
visitInt: 0
visitABinding
ConstInt
visitInt: 0
ERROR: mismatch this params on line: 13
8 8
0 0
0 0
<end of output>
Test time =   0.00 sec
----------------------------------------------------------
Test Passed.
"/home/bekzat/Documents/Innopolis/3_years/advance_compiler/week-3-stella-with-references-subtyping-errors-rkBekzat/tests/subtyping/ill-typed/bad-subtyping-4.stella" end time: Apr 20 17:10 MSK
"/home/bekzat/Documents/Innopolis/3_years/advance_compiler/week-3-stella-with-references-subtyping-errors-rkBekzat/tests/subtyping/ill-typed/bad-subtyping-4.stella" time elapsed: 00:00:00
----------------------------------------------------------

30/60 Testing: /home/bekzat/Documents/Innopolis/3_years/advance_compiler/week-3-stella-with-references-subtyping-errors-rkBekzat/tests/subtyping/ill-typed/bad-subtyping-5.stella
30/60 Test: /home/bekzat/Documents/Innopolis/3_years/advance_compiler/week-3-stella-with-references-subtyping-errors-rkBekzat/tests/subtyping/ill-typed/bad-subtyping-5.stella
Command: "/home/bekzat/Documents/Innopolis/3_years/advance_compiler/week-3-stella-with-references-subtyping-errors-rkBekzat/cmake-build-debug/stella-interpreter" "typecheck" "/home/bekzat/Documents/Innopolis/3_years/advance_compiler/week-3-stella-with-references-subtyping-errors-rkBekzat/tests/subtyping/ill-typed/bad-subtyping-5.stella"
Directory: /home/bekzat/Documents/Innopolis/3_years/advance_compiler/week-3-stella-with-references-subtyping-errors-rkBekzat/cmake-build-debug
"/home/bekzat/Documents/Innopolis/3_years/advance_compiler/week-3-stella-with-references-subtyping-errors-rkBekzat/tests/subtyping/ill-typed/bad-subtyping-5.stella" start time: Apr 20 17:10 MSK
Output:
----------------------------------------------------------
parsing succeeded!
prog is not null
Start Program
visitLanguageCore
visitListExtension: 
visitAnExtensionvisitListExtensionName: 
visitExtensionName: #records
visitExtensionName: #structural-subtyping
visitExtensionName: #top-type
visitExtensionName: #type-cast
visitListDecl: 
Visiting function declaration for f
visitListAnnotation: 
visitListParamDecl: 
visitAParamDecl
visitTypeRecord
visitListRecordFieldType: 
visitARecordFieldType
Visiting NAT: 9  14
SET the stellIDENT: r 8

Visiting StellaIdent: r
SomereturnType
Visiting NAT: 9  23
visitNoThrowType
visitListDecl: 
visitDotRecord
visitVar
Visiting StellaIdent: r
Before Binding: r . x 
Fucntion go out: 3 2 2 1
Function name: f
Visiting StellaIdent: f
Visiting function declaration for g
visitListAnnotation: 
visitListParamDecl: 
visitAParamDecl
visitTypeFun
visitListType: 
visitTypeRecord
visitListRecordFieldType: 
visitARecordFieldType
Visiting NAT: 13  17
visitARecordFieldType
Visiting NAT: 13  26
Visiting NAT: 13  35
SET the stellIDENT: k 3

Visiting StellaIdent: k
SomereturnType
Visiting NAT: 13  43
visitNoThrowType
visitListDecl: 
visitApplication
visitVar
Visiting StellaIdent: k
visitListExpr: 
----Before : 
visitRecord
visitListBinding: 
visitABinding
ConstInt
visitInt: 0
visitABinding
ConstInt
visitInt: 0
ERROR: mismatch this params on line: 14
8 8
0 0
0 0
<end of output>
Test time =   0.00 sec
----------------------------------------------------------
Test Passed.
"/home/bekzat/Documents/Innopolis/3_years/advance_compiler/week-3-stella-with-references-subtyping-errors-rkBekzat/tests/subtyping/ill-typed/bad-subtyping-5.stella" end time: Apr 20 17:10 MSK
"/home/bekzat/Documents/Innopolis/3_years/advance_compiler/week-3-stella-with-references-subtyping-errors-rkBekzat/tests/subtyping/ill-typed/bad-subtyping-5.stella" time elapsed: 00:00:00
----------------------------------------------------------

31/60 Testing: /home/bekzat/Documents/Innopolis/3_years/advance_compiler/week-3-stella-with-references-subtyping-errors-rkBekzat/tests/sum-types/ill-typed/bad-sum-types-1.stella
31/60 Test: /home/bekzat/Documents/Innopolis/3_years/advance_compiler/week-3-stella-with-references-subtyping-errors-rkBekzat/tests/sum-types/ill-typed/bad-sum-types-1.stella
Command: "/home/bekzat/Documents/Innopolis/3_years/advance_compiler/week-3-stella-with-references-subtyping-errors-rkBekzat/cmake-build-debug/stella-interpreter" "typecheck" "/home/bekzat/Documents/Innopolis/3_years/advance_compiler/week-3-stella-with-references-subtyping-errors-rkBekzat/tests/sum-types/ill-typed/bad-sum-types-1.stella"
Directory: /home/bekzat/Documents/Innopolis/3_years/advance_compiler/week-3-stella-with-references-subtyping-errors-rkBekzat/cmake-build-debug
"/home/bekzat/Documents/Innopolis/3_years/advance_compiler/week-3-stella-with-references-subtyping-errors-rkBekzat/tests/sum-types/ill-typed/bad-sum-types-1.stella" start time: Apr 20 17:10 MSK
Output:
----------------------------------------------------------
parsing succeeded!
prog is not null
Start Program
visitLanguageCore
visitListExtension: 
visitAnExtensionvisitListExtensionName: 
visitExtensionName: #sum-types
visitListDecl: 
Visiting function declaration for g
visitListAnnotation: 
visitListParamDecl: 
visitAParamDecl
visitTypeSum
Nat + (Bool + (fn (Nat) -> Nat))  

Nat + (Bool + (fn (Nat) -> Nat)) 
Nat     Bool + (fn (Nat) -> Nat) 

Visiting NAT: 4  9
visitTypeSum
Bool + (fn (Nat) -> Nat)  

Bool + (fn (Nat) -> Nat) 
Bool     fn (Nat) -> Nat 

visitBool
AMAZING WOKR: Bool 

visitTypeFun
visitListType: 
Visiting NAT: 4  27
Visiting NAT: 4  35
SET the stellIDENT: x 6

Visiting StellaIdent: x
SomereturnType
Visiting NAT: 4  45
visitNoThrowType
visitListDecl: 
visitMatch
visitVar
Visiting StellaIdent: x
visitListMatchCase: 
NEW MATCH 6
visitAMatchCase
visitPatternInl
visitPatternVar
visitSucc
visitVar
Visiting StellaIdent: n
AFTER EXPR: 1 1 6
END MATCH 6
NEW MATCH 6
visitAMatchCase
visitPatternInr
visitPatternVar
[...]
visitNoThrowType
visitListDecl: 
visitApplication
visitVar
Visiting StellaIdent: k
visitListExpr: 
----Before : 
visitRecord
visitListBinding: 
visitABinding
ConstInt
visitInt: 0
visitABinding
ConstInt
visitInt: 0
ERROR: mismatch this params on line: 13
8 8
0 0
0 0
<end of output>
Test time =   0.00 sec
----------------------------------------------------------
Test Failed.
"/home/bekzat/Documents/Innopolis/3_years/advance_compiler/week-3-stella-with-references-subtyping-errors-rkBekzat/tests/subtyping/well-typed/subtyping-7.stella" end time: Apr 20 17:10 MSK
"/home/bekzat/Documents/Innopolis/3_years/advance_compiler/week-3-stella-with-references-subtyping-errors-rkBekzat/tests/subtyping/well-typed/subtyping-7.stella" time elapsed: 00:00:00
----------------------------------------------------------

55/60 Testing: /home/bekzat/Documents/Innopolis/3_years/advance_compiler/week-3-stella-with-references-subtyping-errors-rkBekzat/tests/subtyping/well-typed/subtyping-8.stella
55/60 Test: /home/bekzat/Documents/Innopolis/3_years/advance_compiler/week-3-stella-with-references-subtyping-errors-rkBekzat/tests/subtyping/well-typed/subtyping-8.stella
Command: "/home/bekzat/Documents/Innopolis/3_years/advance_compiler/week-3-stella-with-references-subtyping-errors-rkBekzat/cmake-build-debug/stella-interpreter" "typecheck" "/home/bekzat/Documents/Innopolis/3_years/advance_compiler/week-3-stella-with-references-subtyping-errors-rkBekzat/tests/subtyping/well-typed/subtyping-8.stella"
Directory: /home/bekzat/Documents/Innopolis/3_years/advance_compiler/week-3-stella-with-references-subtyping-errors-rkBekzat/cmake-build-debug
"/home/bekzat/Documents/Innopolis/3_years/advance_compiler/week-3-stella-with-references-subtyping-errors-rkBekzat/tests/subtyping/well-typed/subtyping-8.stella" start time: Apr 20 17:10 MSK
Output:
----------------------------------------------------------
parsing succeeded!
prog is not null
Start Program
visitLanguageCore
visitListExtension: 
visitAnExtensionvisitListExtensionName: 
visitExtensionName: #records
visitExtensionName: #structural-subtyping
visitExtensionName: #top-type
visitExtensionName: #type-cast
visitListDecl: 
Visiting function declaration for f
visitListAnnotation: 
visitListParamDecl: 
visitAParamDecl
visitTypeRecord
visitListRecordFieldType: 
visitARecordFieldType
Visiting NAT: 9  14
SET the stellIDENT: r 8

Visiting StellaIdent: r
SomereturnType
Visiting NAT: 9  23
visitNoThrowType
visitListDecl: 
visitDotRecord
visitVar
Visiting StellaIdent: r
Before Binding: r . x 
Fucntion go out: 3 2 2 1
Function name: f
Visiting StellaIdent: f
Visiting function declaration for g
visitListAnnotation: 
visitListParamDecl: 
visitAParamDecl
visitTypeFun
visitListType: 
visitTypeRecord
visitListRecordFieldType: 
visitARecordFieldType
Visiting NAT: 13  17
visitARecordFieldType
Visiting NAT: 13  26
Visiting NAT: 13  35
SET the stellIDENT: k 3

Visiting StellaIdent: k
SomereturnType
Visiting NAT: 13  43
visitNoThrowType
visitListDecl: 
visitApplication
visitVar
Visiting StellaIdent: k
visitListExpr: 
----Before : 
visitRecord
visitListBinding: 
visitABinding
ConstInt
visitInt: 0
visitABinding
ConstInt
visitInt: 0
ERROR: mismatch this params on line: 14
8 8
0 0
0 0
<end of output>
Test time =   0.00 sec
----------------------------------------------------------
Test Failed.
"/home/bekzat/Documents/Innopolis/3_years/advance_compiler/week-3-stella-with-references-subtyping-errors-rkBekzat/tests/subtyping/well-typed/subtyping-8.stella" end time: Apr 20 17:10 MSK
"/home/bekzat/Documents/Innopolis/3_years/advance_compiler/week-3-stella-with-references-subtyping-errors-rkBekzat/tests/subtyping/well-typed/subtyping-8.stella" time elapsed: 00:00:00
----------------------------------------------------------

56/60 Testing: /home/bekzat/Documents/Innopolis/3_years/advance_compiler/week-3-stella-with-references-subtyping-errors-rkBekzat/tests/sum-types/well-typed/sum-types-1.stella
56/60 Test: /home/bekzat/Documents/Innopolis/3_years/advance_compiler/week-3-stella-with-references-subtyping-errors-rkBekzat/tests/sum-types/well-typed/sum-types-1.stella
Command: "/home/bekzat/Documents/Innopolis/3_years/advance_compiler/week-3-stella-with-references-subtyping-errors-rkBekzat/cmake-build-debug/stella-interpreter" "typecheck" "/home/bekzat/Documents/Innopolis/3_years/advance_compiler/week-3-stella-with-references-subtyping-errors-rkBekzat/tests/sum-types/well-typed/sum-types-1.stella"
Directory: /home/bekzat/Documents/Innopolis/3_years/advance_compiler/week-3-stella-with-references-subtyping-errors-rkBekzat/cmake-build-debug
"/home/bekzat/Documents/Innopolis/3_years/advance_compiler/week-3-stella-with-references-subtyping-errors-rkBekzat/tests/sum-types/well-typed/sum-types-1.stella" start time: Apr 20 17:10 MSK
Output:
----------------------------------------------------------
parsing succeeded!
prog is not null
Start Program
visitLanguageCore
visitListExtension: 
visitAnExtensionvisitListExtensionName: 
visitExtensionName: #sum-types
visitListDecl: 
Visiting function declaration for g
visitListAnnotation: 
visitListParamDecl: 
visitAParamDecl
visitTypeSum
Nat + (Bool + (fn (Nat) -> Nat))  

Nat + (Bool + (fn (Nat) -> Nat)) 
Nat     Bool + (fn (Nat) -> Nat) 

Visiting NAT: 4  9
visitTypeSum
Bool + (fn (Nat) -> Nat)  

Bool + (fn (Nat) -> Nat) 
Bool     fn (Nat) -> Nat 

visitBool
AMAZING WOKR: Bool 

visitTypeFun
visitListType: 
Visiting NAT: 4  27
Visiting NAT: 4  35
SET the stellIDENT: x 6

Visiting StellaIdent: x
SomereturnType
Visiting NAT: 4  45
visitNoThrowType
visitListDecl: 
visitMatch
visitVar
Visiting StellaIdent: x
visitListMatchCase: 
NEW MATCH 6
visitAMatchCase
visitPatternInl
visitPatternVar
visitSucc
visitVar
Visiting StellaIdent: n
AFTER EXPR: 1 1 6
END MATCH 6
NEW MATCH 6
visitAMatchCase
visitPatternInr
visitPatternVar
visitMatch
visitVar
Visiting StellaIdent: bf
visitListMatchCase: 
NEW MATCH 6
visitAMatchCase
visitPatternInl
visitPatternVar
VisitIf
visitVar
Visiting StellaIdent: b
visitSucc
ConstInt
visitInt: 0
ConstInt
visitInt: 0
AFTER EXPR: 2 2 6
END MATCH 6
NEW MATCH 6
visitAMatchCase
visitPatternInr
visitPatternVar
visitApplication
visitVar
Visiting StellaIdent: f
visitListExpr: 
----Before : 
visitApplication
visitVar
Visiting StellaIdent: f
visitListExpr: 
----Before : 
visitSucc
ConstInt
visitInt: 0
Before end application: 3 2
Before end application: 3 2
AFTER EXPR: 2 2 6
END MATCH 6
AFTER EXPR: 1 1 6
END MATCH 6
Fucntion go out: 3 2 6 1
Function name: g
Visiting StellaIdent: g
Visiting function declaration for main
visitListAnnotation: 
visitListParamDecl: 
visitAParamDecl
Visiting NAT: 14  12
SET the stellIDENT: x 2

Visiting StellaIdent: x
SomereturnType
Visiting NAT: 14  20
visitNoThrowType
visitListDecl: 
visitApplication
visitVar
Visiting StellaIdent: g
visitListExpr: 
----Before : 
visitInr
visitInr
visitAbstraction
visitListParamDecl: 
visitAParamDecl
Visiting NAT: 15  26
SET the stellIDENT: n 2

Visiting StellaIdent: n
visitApplication
visitVar
Visiting StellaIdent: g
visitListExpr: 
----Before : 
visitInl
visitVar
Visiting StellaIdent: n
Before end application: 3 2
Before end application: 3 2
Fucntion go out: 3 2 2 3
Function name: main
Visiting StellaIdent: main
<end of output>
Test time =   0.00 sec
----------------------------------------------------------
Test Passed.
"/home/bekzat/Documents/Innopolis/3_years/advance_compiler/week-3-stella-with-references-subtyping-errors-rkBekzat/tests/sum-types/well-typed/sum-types-1.stella" end time: Apr 20 17:10 MSK
"/home/bekzat/Documents/Innopolis/3_years/advance_compiler/week-3-stella-with-references-subtyping-errors-rkBekzat/tests/sum-types/well-typed/sum-types-1.stella" time elapsed: 00:00:00
----------------------------------------------------------

57/60 Testing: /home/bekzat/Documents/Innopolis/3_years/advance_compiler/week-3-stella-with-references-subtyping-errors-rkBekzat/tests/sum-types/well-typed/sum-types-2.stella
57/60 Test: /home/bekzat/Documents/Innopolis/3_years/advance_compiler/week-3-stella-with-references-subtyping-errors-rkBekzat/tests/sum-types/well-typed/sum-types-2.stella
Command: "/home/bekzat/Documents/Innopolis/3_years/advance_compiler/week-3-stella-with-references-subtyping-errors-rkBekzat/cmake-build-debug/stella-interpreter" "typecheck" "/home/bekzat/Documents/Innopolis/3_years/advance_compiler/week-3-stella-with-references-subtyping-errors-rkBekzat/tests/sum-types/well-typed/sum-types-2.stella"
Directory: /home/bekzat/Documents/Innopolis/3_years/advance_compiler/week-3-stella-with-references-subtyping-errors-rkBekzat/cmake-build-debug
"/home/bekzat/Documents/Innopolis/3_years/advance_compiler/week-3-stella-with-references-subtyping-errors-rkBekzat/tests/sum-types/well-typed/sum-types-2.stella" start time: Apr 20 17:10 MSK
Output:
----------------------------------------------------------
parsing succeeded!
prog is not null
Start Program
visitLanguageCore
visitListExtension: 
visitAnExtensionvisitListExtensionName: 
visitExtensionName: #sum-types
visitListDecl: 
Visiting function declaration for g
visitListAnnotation: 
visitListParamDecl: 
visitAParamDecl
visitTypeSum
Nat + (Bool + (fn (Nat) -> Nat))  

Nat + (Bool + (fn (Nat) -> Nat)) 
Nat     Bool + (fn (Nat) -> Nat) 

Visiting NAT: 4  9
visitTypeSum
Bool + (fn (Nat) -> Nat)  

Bool + (fn (Nat) -> Nat) 
Bool     fn (Nat) -> Nat 

visitBool
AMAZING WOKR: Bool 

visitTypeFun
visitListType: 
Visiting NAT: 4  27
Visiting NAT: 4  35
SET the stellIDENT: x 6

Visiting StellaIdent: x
SomereturnType
Visiting NAT: 4  45
visitNoThrowType
visitListDecl: 
visitMatch
visitVar
Visiting StellaIdent: x
visitListMatchCase: 
NEW MATCH 6
visitAMatchCase
visitPatternInl
visitPatternVar
visitSucc
visitVar
Visiting StellaIdent: n
AFTER EXPR: 1 1 6
END MATCH 6
NEW MATCH 6
visitAMatchCase
visitPatternInr
visitPatternVar
visitMatch
visitVar
Visiting StellaIdent: bf
visitListMatchCase: 
NEW MATCH 6
visitAMatchCase
visitPatternInr
visitPatternVar
visitApplication
visitVar
Visiting StellaIdent: f
visitListExpr: 
----Before : 
visitApplication
visitVar
Visiting StellaIdent: f
visitListExpr: 
----Before : 
visitSucc
ConstInt
visitInt: 0
Before end application: 3 2
Before end application: 3 2
AFTER EXPR: 2 2 6
END MATCH 6
NEW MATCH 6
visitAMatchCase
visitPatternInl
visitPatternVar
VisitIf
visitVar
Visiting StellaIdent: b
visitSucc
ConstInt
visitInt: 0
ConstInt
visitInt: 0
AFTER EXPR: 2 2 6
END MATCH 6
AFTER EXPR: 1 1 6
END MATCH 6
Fucntion go out: 3 2 6 1
Function name: g
Visiting StellaIdent: g
Visiting function declaration for main
visitListAnnotation: 
visitListParamDecl: 
visitAParamDecl
Visiting NAT: 14  12
SET the stellIDENT: x 2

Visiting StellaIdent: x
SomereturnType
Visiting NAT: 14  20
visitNoThrowType
visitListDecl: 
visitApplication
visitVar
Visiting StellaIdent: g
visitListExpr: 
----Before : 
visitInr
visitInr
visitAbstraction
visitListParamDecl: 
visitAParamDecl
Visiting NAT: 15  26
SET the stellIDENT: n 2

Visiting StellaIdent: n
visitApplication
visitVar
Visiting StellaIdent: g
visitListExpr: 
----Before : 
visitInl
visitVar
Visiting StellaIdent: n
Before end application: 3 2
Before end application: 3 2
Fucntion go out: 3 2 2 3
Function name: main
Visiting StellaIdent: main
<end of output>
Test time =   0.00 sec
----------------------------------------------------------
Test Passed.
"/home/bekzat/Documents/Innopolis/3_years/advance_compiler/week-3-stella-with-references-subtyping-errors-rkBekzat/tests/sum-types/well-typed/sum-types-2.stella" end time: Apr 20 17:10 MSK
"/home/bekzat/Documents/Innopolis/3_years/advance_compiler/week-3-stella-with-references-subtyping-errors-rkBekzat/tests/sum-types/well-typed/sum-types-2.stella" time elapsed: 00:00:00
----------------------------------------------------------

58/60 Testing: /home/bekzat/Documents/Innopolis/3_years/advance_compiler/week-3-stella-with-references-subtyping-errors-rkBekzat/tests/tuples/well-typed/tuples-1.stella
58/60 Test: /home/bekzat/Documents/Innopolis/3_years/advance_compiler/week-3-stella-with-references-subtyping-errors-rkBekzat/tests/tuples/well-typed/tuples-1.stella
Command: "/home/bekzat/Documents/Innopolis/3_years/advance_compiler/week-3-stella-with-references-subtyping-errors-rkBekzat/cmake-build-debug/stella-interpreter" "typecheck" "/home/bekzat/Documents/Innopolis/3_years/advance_compiler/week-3-stella-with-references-subtyping-errors-rkBekzat/tests/tuples/well-typed/tuples-1.stella"
Directory: /home/bekzat/Documents/Innopolis/3_years/advance_compiler/week-3-stella-with-references-subtyping-errors-rkBekzat/cmake-build-debug
"/home/bekzat/Documents/Innopolis/3_years/advance_compiler/week-3-stella-with-references-subtyping-errors-rkBekzat/tests/tuples/well-typed/tuples-1.stella" start time: Apr 20 17:10 MSK
Output:
----------------------------------------------------------
parsing succeeded!
prog is not null
Start Program
visitLanguageCore
visitListExtension: 
visitAnExtensionvisitListExtensionName: 
visitExtensionName: #tuples
visitListDecl: 
Visiting function declaration for rotate3
visitListAnnotation: 
visitListParamDecl: 
visitAParamDecl
visitTypeTuple
visitListType: 
Visiting NAT: 4  16
Visiting NAT: 4  21
Visiting NAT: 4  26
SET the stellIDENT: p 5

Visiting StellaIdent: p
SomereturnType
visitTypeTuple
visitListType: 
Visiting NAT: 4  36
Visiting NAT: 4  41
Visiting NAT: 4  46
visitNoThrowType
visitListDecl: 
visitTuple
visitListExpr: 
----Before : 
visitDotTuple
visitVar
Visiting StellaIdent: p
visitInt: 3


----Before : 
visitDotTuple
visitVar
Visiting StellaIdent: p
visitInt: 1


----Before : 
visitDotTuple
visitVar
Visiting StellaIdent: p
visitInt: 2


Fucntion go out: 3 5 5 1
Function name: rotate3
Visiting StellaIdent: rotate3
Visiting function declaration for main
visitListAnnotation: 
visitListParamDecl: 
visitAParamDecl
Visiting NAT: 8  12
SET the stellIDENT: x 2

Visiting StellaIdent: x
SomereturnType
visitTypeTuple
visitListType: 
Visiting NAT: 8  21
Visiting NAT: 8  26
Visiting NAT: 8  31
visitNoThrowType
visitListDecl: 
visitApplication
visitVar
Visiting StellaIdent: rotate3
visitListExpr: 
----Before : 
visitTuple
visitListExpr: 
----Before : 
visitVar
Visiting StellaIdent: x
----Before : 
visitSucc
visitVar
Visiting StellaIdent: x
----Before : 
visitSucc
visitSucc
visitVar
Visiting StellaIdent: x
Before end application: 3 5
Fucntion go out: 3 5 5 3
Function name: main
Visiting StellaIdent: main
<end of output>
Test time =   0.00 sec
----------------------------------------------------------
Test Passed.
"/home/bekzat/Documents/Innopolis/3_years/advance_compiler/week-3-stella-with-references-subtyping-errors-rkBekzat/tests/tuples/well-typed/tuples-1.stella" end time: Apr 20 17:10 MSK
"/home/bekzat/Documents/Innopolis/3_years/advance_compiler/week-3-stella-with-references-subtyping-errors-rkBekzat/tests/tuples/well-typed/tuples-1.stella" time elapsed: 00:00:00
----------------------------------------------------------

59/60 Testing: /home/bekzat/Documents/Innopolis/3_years/advance_compiler/week-3-stella-with-references-subtyping-errors-rkBekzat/tests/variants/well-typed/variants-1.stella
59/60 Test: /home/bekzat/Documents/Innopolis/3_years/advance_compiler/week-3-stella-with-references-subtyping-errors-rkBekzat/tests/variants/well-typed/variants-1.stella
Command: "/home/bekzat/Documents/Innopolis/3_years/advance_compiler/week-3-stella-with-references-subtyping-errors-rkBekzat/cmake-build-debug/stella-interpreter" "typecheck" "/home/bekzat/Documents/Innopolis/3_years/advance_compiler/week-3-stella-with-references-subtyping-errors-rkBekzat/tests/variants/well-typed/variants-1.stella"
Directory: /home/bekzat/Documents/Innopolis/3_years/advance_compiler/week-3-stella-with-references-subtyping-errors-rkBekzat/cmake-build-debug
"/home/bekzat/Documents/Innopolis/3_years/advance_compiler/week-3-stella-with-references-subtyping-errors-rkBekzat/tests/variants/well-typed/variants-1.stella" start time: Apr 20 17:10 MSK
Output:
----------------------------------------------------------
parsing succeeded!
prog is not null
Start Program
visitLanguageCore
visitListExtension: 
visitAnExtensionvisitListExtensionName: 
visitExtensionName: #variants
visitAnExtensionvisitListExtensionName: 
visitExtensionName: #type-ascriptions
visitListDecl: 
Visiting function declaration for g
visitListAnnotation: 
visitListParamDecl: 
visitAParamDecl
visitTypeVariant
visitListVariantFieldType: 
visitAVariantFieldType
Visiting StellaIdent: number
visitSomeTyping
Visiting NAT: 5  21
visitAVariantFieldType
Visiting StellaIdent: boolean
visitSomeTyping
visitBool
AMAZING WOKR: Bool 

visitAVariantFieldType
Visiting StellaIdent: function
visitSomeTyping
visitTypeFun
visitListType: 
Visiting NAT: 5  56
Visiting NAT: 5  64
SET the stellIDENT: x 3

Visiting StellaIdent: x
SomereturnType
Visiting NAT: 5  75
visitNoThrowType
visitListDecl: 
visitMatch
visitVar
Visiting StellaIdent: x
ERROR: It's not sum type. On line6 at position: 9
<end of output>
Test time =   0.00 sec
----------------------------------------------------------
Test Failed.
"/home/bekzat/Documents/Innopolis/3_years/advance_compiler/week-3-stella-with-references-subtyping-errors-rkBekzat/tests/variants/well-typed/variants-1.stella" end time: Apr 20 17:10 MSK
"/home/bekzat/Documents/Innopolis/3_years/advance_compiler/week-3-stella-with-references-subtyping-errors-rkBekzat/tests/variants/well-typed/variants-1.stella" time elapsed: 00:00:00
----------------------------------------------------------

60/60 Testing: /home/bekzat/Documents/Innopolis/3_years/advance_compiler/week-3-stella-with-references-subtyping-errors-rkBekzat/tests/variants/well-typed/variants-2.stella
60/60 Test: /home/bekzat/Documents/Innopolis/3_years/advance_compiler/week-3-stella-with-references-subtyping-errors-rkBekzat/tests/variants/well-typed/variants-2.stella
Command: "/home/bekzat/Documents/Innopolis/3_years/advance_compiler/week-3-stella-with-references-subtyping-errors-rkBekzat/cmake-build-debug/stella-interpreter" "typecheck" "/home/bekzat/Documents/Innopolis/3_years/advance_compiler/week-3-stella-with-references-subtyping-errors-rkBekzat/tests/variants/well-typed/variants-2.stella"
Directory: /home/bekzat/Documents/Innopolis/3_years/advance_compiler/week-3-stella-with-references-subtyping-errors-rkBekzat/cmake-build-debug
"/home/bekzat/Documents/Innopolis/3_years/advance_compiler/week-3-stella-with-references-subtyping-errors-rkBekzat/tests/variants/well-typed/variants-2.stella" start time: Apr 20 17:10 MSK
Output:
----------------------------------------------------------
parsing succeeded!
prog is not null
Start Program
visitLanguageCore
visitListExtension: 
visitAnExtensionvisitListExtensionName: 
visitExtensionName: #variants
visitListDecl: 
Visiting function declaration for g
visitListAnnotation: 
visitListParamDecl: 
visitAParamDecl
visitTypeVariant
visitListVariantFieldType: 
visitAVariantFieldType
Visiting StellaIdent: number
visitSomeTyping
Visiting NAT: 4  21
visitAVariantFieldType
Visiting StellaIdent: boolean
visitSomeTyping
visitBool
AMAZING WOKR: Bool 

visitAVariantFieldType
Visiting StellaIdent: function
visitSomeTyping
visitTypeFun
visitListType: 
Visiting NAT: 4  56
Visiting NAT: 4  64
SET the stellIDENT: x 3

Visiting StellaIdent: x
SomereturnType
Visiting NAT: 4  75
visitNoThrowType
visitListDecl: 
visitMatch
visitVar
Visiting StellaIdent: x
ERROR: It's not sum type. On line5 at position: 9
<end of output>
Test time =   0.00 sec
----------------------------------------------------------
Test Failed.
"/home/bekzat/Documents/Innopolis/3_years/advance_compiler/week-3-stella-with-references-subtyping-errors-rkBekzat/tests/variants/well-typed/variants-2.stella" end time: Apr 20 17:10 MSK
"/home/bekzat/Documents/Innopolis/3_years/advance_compiler/week-3-stella-with-references-subtyping-errors-rkBekzat/tests/variants/well-typed/variants-2.stella" time elapsed: 00:00:00
----------------------------------------------------------

End testing: Apr 20 17:10 MSK
